[0.102s] DEBUG:colcon:Command line arguments: ['/usr/bin/colcon', 'build']
[0.102s] DEBUG:colcon:Parsed command line arguments: Namespace(log_base=None, log_level=None, verb_name='build', build_base='build', install_base='install', merge_install=False, symlink_install=False, test_result_base=None, continue_on_error=False, executor='parallel', parallel_workers=16, event_handlers=None, ignore_user_meta=False, metas=['./colcon.meta'], base_paths=['.'], packages_ignore=None, packages_ignore_regex=None, paths=None, packages_up_to=None, packages_up_to_regex=None, packages_above=None, packages_above_and_dependencies=None, packages_above_depth=None, packages_select_by_dep=None, packages_skip_by_dep=None, packages_skip_up_to=None, packages_select_build_failed=False, packages_skip_build_finished=False, packages_select_test_failures=False, packages_skip_test_passed=False, packages_select=None, packages_skip=None, packages_select_regex=None, packages_skip_regex=None, packages_start=None, packages_end=None, allow_overriding=[], cmake_args=None, cmake_target=None, cmake_target_skip_unavailable=False, cmake_clean_cache=False, cmake_clean_first=False, cmake_force_configure=False, ament_cmake_args=None, catkin_cmake_args=None, catkin_skip_building_tests=False, verb_parser=<colcon_defaults.argument_parser.defaults.DefaultArgumentsDecorator object at 0x74154e31b760>, verb_extension=<colcon_core.verb.build.BuildVerb object at 0x74154e31b250>, main=<bound method BuildVerb.main of <colcon_core.verb.build.BuildVerb object at 0x74154e31b250>>)
[0.197s] Level 1:colcon.colcon_core.package_discovery:discover_packages(colcon_meta) check parameters
[0.197s] Level 1:colcon.colcon_core.package_discovery:discover_packages(recursive) check parameters
[0.197s] Level 1:colcon.colcon_core.package_discovery:discover_packages(ignore) check parameters
[0.197s] Level 1:colcon.colcon_core.package_discovery:discover_packages(path) check parameters
[0.197s] Level 1:colcon.colcon_core.package_discovery:discover_packages(colcon_meta) discover
[0.197s] Level 1:colcon.colcon_core.package_discovery:discover_packages(recursive) discover
[0.197s] INFO:colcon.colcon_core.package_discovery:Crawling recursively for packages in '/home/justiny/ros2_course_project_one'
[0.197s] Level 1:colcon.colcon_core.package_identification:_identify(.) by extensions ['ignore', 'ignore_ament_install']
[0.197s] Level 1:colcon.colcon_core.package_identification:_identify(.) by extension 'ignore'
[0.197s] Level 1:colcon.colcon_core.package_identification:_identify(.) by extension 'ignore_ament_install'
[0.197s] Level 1:colcon.colcon_core.package_identification:_identify(.) by extensions ['colcon_pkg']
[0.197s] Level 1:colcon.colcon_core.package_identification:_identify(.) by extension 'colcon_pkg'
[0.197s] Level 1:colcon.colcon_core.package_identification:_identify(.) by extensions ['colcon_meta']
[0.197s] Level 1:colcon.colcon_core.package_identification:_identify(.) by extension 'colcon_meta'
[0.197s] Level 1:colcon.colcon_core.package_identification:_identify(.) by extensions ['ros']
[0.197s] Level 1:colcon.colcon_core.package_identification:_identify(.) by extension 'ros'
[0.204s] Level 1:colcon.colcon_core.package_identification:_identify(.) by extensions ['cmake', 'python']
[0.204s] Level 1:colcon.colcon_core.package_identification:_identify(.) by extension 'cmake'
[0.204s] Level 1:colcon.colcon_core.package_identification:_identify(.) by extension 'python'
[0.204s] Level 1:colcon.colcon_core.package_identification:_identify(.) by extensions ['python_setup_py']
[0.204s] Level 1:colcon.colcon_core.package_identification:_identify(.) by extension 'python_setup_py'
[0.204s] Level 1:colcon.colcon_core.package_identification:_identify(build) by extensions ['ignore', 'ignore_ament_install']
[0.204s] Level 1:colcon.colcon_core.package_identification:_identify(build) by extension 'ignore'
[0.204s] Level 1:colcon.colcon_core.package_identification:_identify(build) ignored
[0.204s] Level 1:colcon.colcon_core.package_identification:_identify(install) by extensions ['ignore', 'ignore_ament_install']
[0.204s] Level 1:colcon.colcon_core.package_identification:_identify(install) by extension 'ignore'
[0.204s] Level 1:colcon.colcon_core.package_identification:_identify(install) ignored
[0.205s] Level 1:colcon.colcon_core.package_identification:_identify(log) by extensions ['ignore', 'ignore_ament_install']
[0.205s] Level 1:colcon.colcon_core.package_identification:_identify(log) by extension 'ignore'
[0.205s] Level 1:colcon.colcon_core.package_identification:_identify(log) ignored
[0.205s] Level 1:colcon.colcon_core.package_identification:_identify(src) by extensions ['ignore', 'ignore_ament_install']
[0.205s] Level 1:colcon.colcon_core.package_identification:_identify(src) by extension 'ignore'
[0.205s] Level 1:colcon.colcon_core.package_identification:_identify(src) by extension 'ignore_ament_install'
[0.205s] Level 1:colcon.colcon_core.package_identification:_identify(src) by extensions ['colcon_pkg']
[0.205s] Level 1:colcon.colcon_core.package_identification:_identify(src) by extension 'colcon_pkg'
[0.205s] Level 1:colcon.colcon_core.package_identification:_identify(src) by extensions ['colcon_meta']
[0.205s] Level 1:colcon.colcon_core.package_identification:_identify(src) by extension 'colcon_meta'
[0.205s] Level 1:colcon.colcon_core.package_identification:_identify(src) by extensions ['ros']
[0.205s] Level 1:colcon.colcon_core.package_identification:_identify(src) by extension 'ros'
[0.205s] Level 1:colcon.colcon_core.package_identification:_identify(src) by extensions ['cmake', 'python']
[0.205s] Level 1:colcon.colcon_core.package_identification:_identify(src) by extension 'cmake'
[0.205s] Level 1:colcon.colcon_core.package_identification:_identify(src) by extension 'python'
[0.205s] Level 1:colcon.colcon_core.package_identification:_identify(src) by extensions ['python_setup_py']
[0.205s] Level 1:colcon.colcon_core.package_identification:_identify(src) by extension 'python_setup_py'
[0.205s] Level 1:colcon.colcon_core.package_identification:_identify(src/project_one) by extensions ['ignore', 'ignore_ament_install']
[0.205s] Level 1:colcon.colcon_core.package_identification:_identify(src/project_one) by extension 'ignore'
[0.205s] Level 1:colcon.colcon_core.package_identification:_identify(src/project_one) by extension 'ignore_ament_install'
[0.205s] Level 1:colcon.colcon_core.package_identification:_identify(src/project_one) by extensions ['colcon_pkg']
[0.205s] Level 1:colcon.colcon_core.package_identification:_identify(src/project_one) by extension 'colcon_pkg'
[0.205s] Level 1:colcon.colcon_core.package_identification:_identify(src/project_one) by extensions ['colcon_meta']
[0.205s] Level 1:colcon.colcon_core.package_identification:_identify(src/project_one) by extension 'colcon_meta'
[0.205s] Level 1:colcon.colcon_core.package_identification:_identify(src/project_one) by extensions ['ros']
[0.205s] Level 1:colcon.colcon_core.package_identification:_identify(src/project_one) by extension 'ros'
[0.212s] DEBUG:colcon.colcon_core.package_identification:Package 'src/project_one' with type 'ros.ament_cmake' and name 'project_one'
[0.212s] Level 1:colcon.colcon_core.package_discovery:discover_packages(recursive) using defaults
[0.212s] Level 1:colcon.colcon_core.package_discovery:discover_packages(ignore) discover
[0.212s] Level 1:colcon.colcon_core.package_discovery:discover_packages(ignore) using defaults
[0.212s] Level 1:colcon.colcon_core.package_discovery:discover_packages(path) discover
[0.212s] Level 1:colcon.colcon_core.package_discovery:discover_packages(path) using defaults
[0.223s] Level 1:colcon.colcon_core.package_discovery:discover_packages(prefix_path) check parameters
[0.223s] Level 1:colcon.colcon_core.package_discovery:discover_packages(prefix_path) discover
[0.224s] WARNING:colcon.colcon_ros.prefix_path.ament:The path '/home/justiny/ros2_course_project_one/install/project_one' in the environment variable AMENT_PREFIX_PATH doesn't exist
[0.224s] WARNING:colcon.colcon_ros.prefix_path.catkin:The path '/home/justiny/ros2_course_project_one/install/project_one' in the environment variable CMAKE_PREFIX_PATH doesn't exist
[0.224s] DEBUG:colcon.colcon_installed_package_information.package_discovery:Found 0 installed packages in /home/justiny/ros2_course_project_one/install
[0.226s] DEBUG:colcon.colcon_installed_package_information.package_discovery:Found 338 installed packages in /opt/ros/humble
[0.227s] Level 1:colcon.colcon_core.package_discovery:discover_packages(prefix_path) using defaults
[0.251s] Level 5:colcon.colcon_core.verb:set package 'project_one' build argument 'cmake_args' from command line to 'None'
[0.251s] Level 5:colcon.colcon_core.verb:set package 'project_one' build argument 'cmake_target' from command line to 'None'
[0.251s] Level 5:colcon.colcon_core.verb:set package 'project_one' build argument 'cmake_target_skip_unavailable' from command line to 'False'
[0.251s] Level 5:colcon.colcon_core.verb:set package 'project_one' build argument 'cmake_clean_cache' from command line to 'False'
[0.251s] Level 5:colcon.colcon_core.verb:set package 'project_one' build argument 'cmake_clean_first' from command line to 'False'
[0.251s] Level 5:colcon.colcon_core.verb:set package 'project_one' build argument 'cmake_force_configure' from command line to 'False'
[0.251s] Level 5:colcon.colcon_core.verb:set package 'project_one' build argument 'ament_cmake_args' from command line to 'None'
[0.251s] Level 5:colcon.colcon_core.verb:set package 'project_one' build argument 'catkin_cmake_args' from command line to 'None'
[0.252s] Level 5:colcon.colcon_core.verb:set package 'project_one' build argument 'catkin_skip_building_tests' from command line to 'False'
[0.252s] DEBUG:colcon.colcon_core.verb:Building package 'project_one' with the following arguments: {'ament_cmake_args': None, 'build_base': '/home/justiny/ros2_course_project_one/build/project_one', 'catkin_cmake_args': None, 'catkin_skip_building_tests': False, 'cmake_args': None, 'cmake_clean_cache': False, 'cmake_clean_first': False, 'cmake_force_configure': False, 'cmake_target': None, 'cmake_target_skip_unavailable': False, 'install_base': '/home/justiny/ros2_course_project_one/install/project_one', 'merge_install': False, 'path': '/home/justiny/ros2_course_project_one/src/project_one', 'symlink_install': False, 'test_result_base': None}
[0.252s] INFO:colcon.colcon_core.executor:Executing jobs using 'parallel' executor
[0.252s] DEBUG:colcon.colcon_parallel_executor.executor.parallel:run_until_complete
[0.253s] INFO:colcon.colcon_ros.task.ament_cmake.build:Building ROS package in '/home/justiny/ros2_course_project_one/src/project_one' with build type 'ament_cmake'
[0.253s] INFO:colcon.colcon_cmake.task.cmake.build:Building CMake package in '/home/justiny/ros2_course_project_one/src/project_one'
[0.254s] INFO:colcon.colcon_core.plugin_system:Skipping extension 'colcon_core.shell.bat': Not used on non-Windows systems
[0.254s] INFO:colcon.colcon_core.shell:Skip shell extension 'powershell' for command environment: Not usable outside of PowerShell
[0.254s] DEBUG:colcon.colcon_core.shell:Skip shell extension 'dsv' for command environment
[0.263s] DEBUG:colcon.colcon_core.event_handler.log_command:Invoking command in '/home/justiny/ros2_course_project_one/build/project_one': CMAKE_PREFIX_PATH=${CMAKE_PREFIX_PATH}:/opt/ros/humble /usr/bin/cmake /home/justiny/ros2_course_project_one/src/project_one -DCMAKE_INSTALL_PREFIX=/home/justiny/ros2_course_project_one/install/project_one
[1.212s] DEBUG:colcon.colcon_core.event_handler.log_command:Invoked command in '/home/justiny/ros2_course_project_one/build/project_one' returned '0': CMAKE_PREFIX_PATH=${CMAKE_PREFIX_PATH}:/opt/ros/humble /usr/bin/cmake /home/justiny/ros2_course_project_one/src/project_one -DCMAKE_INSTALL_PREFIX=/home/justiny/ros2_course_project_one/install/project_one
[1.213s] DEBUG:colcon.colcon_core.event_handler.log_command:Invoking command in '/home/justiny/ros2_course_project_one/build/project_one': CMAKE_PREFIX_PATH=${CMAKE_PREFIX_PATH}:/opt/ros/humble /usr/bin/cmake --build /home/justiny/ros2_course_project_one/build/project_one -- -j16 -l16
[1.242s] DEBUG:colcon.colcon_core.event_handler.log_command:Invoked command in '/home/justiny/ros2_course_project_one/build/project_one' returned '0': CMAKE_PREFIX_PATH=${CMAKE_PREFIX_PATH}:/opt/ros/humble /usr/bin/cmake --build /home/justiny/ros2_course_project_one/build/project_one -- -j16 -l16
[1.250s] DEBUG:colcon.colcon_core.event_handler.log_command:Invoking command in '/home/justiny/ros2_course_project_one/build/project_one': CMAKE_PREFIX_PATH=${CMAKE_PREFIX_PATH}:/opt/ros/humble /usr/bin/cmake --install /home/justiny/ros2_course_project_one/build/project_one
[1.263s] Level 1:colcon.colcon_core.environment:create_environment_scripts_only(project_one)
[1.264s] DEBUG:colcon.colcon_core.event_handler.log_command:Invoked command in '/home/justiny/ros2_course_project_one/build/project_one' returned '0': CMAKE_PREFIX_PATH=${CMAKE_PREFIX_PATH}:/opt/ros/humble /usr/bin/cmake --install /home/justiny/ros2_course_project_one/build/project_one
[1.266s] Level 1:colcon.colcon_core.environment:checking '/home/justiny/ros2_course_project_one/install/project_one' for CMake module files
[1.266s] Level 1:colcon.colcon_core.environment:checking '/home/justiny/ros2_course_project_one/install/project_one' for CMake config files
[1.266s] Level 1:colcon.colcon_core.shell:create_environment_hook('project_one', 'cmake_prefix_path')
[1.266s] INFO:colcon.colcon_core.shell:Creating environment hook '/home/justiny/ros2_course_project_one/install/project_one/share/project_one/hook/cmake_prefix_path.ps1'
[1.267s] INFO:colcon.colcon_core.shell:Creating environment descriptor '/home/justiny/ros2_course_project_one/install/project_one/share/project_one/hook/cmake_prefix_path.dsv'
[1.267s] INFO:colcon.colcon_core.shell:Creating environment hook '/home/justiny/ros2_course_project_one/install/project_one/share/project_one/hook/cmake_prefix_path.sh'
[1.268s] Level 1:colcon.colcon_core.environment:checking '/home/justiny/ros2_course_project_one/install/project_one/lib'
[1.268s] Level 1:colcon.colcon_core.environment:checking '/home/justiny/ros2_course_project_one/install/project_one/bin'
[1.268s] Level 1:colcon.colcon_core.environment:checking '/home/justiny/ros2_course_project_one/install/project_one/lib/pkgconfig/project_one.pc'
[1.268s] Level 1:colcon.colcon_core.environment:checking '/home/justiny/ros2_course_project_one/install/project_one/lib/python3.10/site-packages'
[1.268s] Level 1:colcon.colcon_core.environment:checking '/home/justiny/ros2_course_project_one/install/project_one/bin'
[1.268s] INFO:colcon.colcon_core.shell:Creating package script '/home/justiny/ros2_course_project_one/install/project_one/share/project_one/package.ps1'
[1.269s] INFO:colcon.colcon_core.shell:Creating package descriptor '/home/justiny/ros2_course_project_one/install/project_one/share/project_one/package.dsv'
[1.269s] INFO:colcon.colcon_core.shell:Creating package script '/home/justiny/ros2_course_project_one/install/project_one/share/project_one/package.sh'
[1.270s] INFO:colcon.colcon_core.shell:Creating package script '/home/justiny/ros2_course_project_one/install/project_one/share/project_one/package.bash'
[1.270s] INFO:colcon.colcon_core.shell:Creating package script '/home/justiny/ros2_course_project_one/install/project_one/share/project_one/package.zsh'
[1.271s] Level 1:colcon.colcon_core.environment:create_file_with_runtime_dependencies(/home/justiny/ros2_course_project_one/install/project_one/share/colcon-core/packages/project_one)
[1.271s] Level 1:colcon.colcon_core.environment:create_environment_scripts_only(project_one)
[1.272s] Level 1:colcon.colcon_core.environment:checking '/home/justiny/ros2_course_project_one/install/project_one' for CMake module files
[1.272s] Level 1:colcon.colcon_core.environment:checking '/home/justiny/ros2_course_project_one/install/project_one' for CMake config files
[1.272s] Level 1:colcon.colcon_core.shell:create_environment_hook('project_one', 'cmake_prefix_path')
[1.272s] INFO:colcon.colcon_core.shell:Creating environment hook '/home/justiny/ros2_course_project_one/install/project_one/share/project_one/hook/cmake_prefix_path.ps1'
[1.273s] INFO:colcon.colcon_core.shell:Creating environment descriptor '/home/justiny/ros2_course_project_one/install/project_one/share/project_one/hook/cmake_prefix_path.dsv'
[1.273s] INFO:colcon.colcon_core.shell:Creating environment hook '/home/justiny/ros2_course_project_one/install/project_one/share/project_one/hook/cmake_prefix_path.sh'
[1.273s] Level 1:colcon.colcon_core.environment:checking '/home/justiny/ros2_course_project_one/install/project_one/lib'
[1.273s] Level 1:colcon.colcon_core.environment:checking '/home/justiny/ros2_course_project_one/install/project_one/bin'
[1.273s] Level 1:colcon.colcon_core.environment:checking '/home/justiny/ros2_course_project_one/install/project_one/lib/pkgconfig/project_one.pc'
[1.273s] Level 1:colcon.colcon_core.environment:checking '/home/justiny/ros2_course_project_one/install/project_one/lib/python3.10/site-packages'
[1.274s] Level 1:colcon.colcon_core.environment:checking '/home/justiny/ros2_course_project_one/install/project_one/bin'
[1.274s] INFO:colcon.colcon_core.shell:Creating package script '/home/justiny/ros2_course_project_one/install/project_one/share/project_one/package.ps1'
[1.274s] INFO:colcon.colcon_core.shell:Creating package descriptor '/home/justiny/ros2_course_project_one/install/project_one/share/project_one/package.dsv'
[1.275s] INFO:colcon.colcon_core.shell:Creating package script '/home/justiny/ros2_course_project_one/install/project_one/share/project_one/package.sh'
[1.275s] INFO:colcon.colcon_core.shell:Creating package script '/home/justiny/ros2_course_project_one/install/project_one/share/project_one/package.bash'
[1.275s] INFO:colcon.colcon_core.shell:Creating package script '/home/justiny/ros2_course_project_one/install/project_one/share/project_one/package.zsh'
[1.276s] Level 1:colcon.colcon_core.environment:create_file_with_runtime_dependencies(/home/justiny/ros2_course_project_one/install/project_one/share/colcon-core/packages/project_one)
[1.276s] DEBUG:colcon.colcon_parallel_executor.executor.parallel:closing loop
[1.276s] DEBUG:colcon.colcon_parallel_executor.executor.parallel:loop closed
[1.276s] DEBUG:colcon.colcon_parallel_executor.executor.parallel:run_until_complete finished with '0'
[1.276s] DEBUG:colcon.colcon_core.event_reactor:joining thread
[1.300s] INFO:colcon.colcon_core.plugin_system:Skipping extension 'colcon_notification.desktop_notification.notify_send': Could not find 'notify-send'
[1.300s] INFO:colcon.colcon_core.plugin_system:Skipping extension 'colcon_notification.desktop_notification.terminal_notifier': Not used on non-Darwin systems
[1.300s] INFO:colcon.colcon_core.plugin_system:Skipping extension 'colcon_notification.desktop_notification.win32': Not used on non-Windows systems
[1.300s] INFO:colcon.colcon_notification.desktop_notification:Sending desktop notification using 'notify2'
[1.301s] DEBUG:colcon.colcon_notification.desktop_notification.notify2:Failed to initialize notify2: org.freedesktop.DBus.Error.FileNotFound: Failed to connect to socket /run/user/1000/bus: No such file or directory
[1.301s] DEBUG:colcon.colcon_core.event_reactor:joined thread
[1.301s] INFO:colcon.colcon_core.shell:Creating prefix script '/home/justiny/ros2_course_project_one/install/local_setup.ps1'
[1.301s] INFO:colcon.colcon_core.shell:Creating prefix util module '/home/justiny/ros2_course_project_one/install/_local_setup_util_ps1.py'
[1.302s] INFO:colcon.colcon_core.shell:Creating prefix chain script '/home/justiny/ros2_course_project_one/install/setup.ps1'
[1.303s] INFO:colcon.colcon_core.shell:Creating prefix script '/home/justiny/ros2_course_project_one/install/local_setup.sh'
[1.303s] INFO:colcon.colcon_core.shell:Creating prefix util module '/home/justiny/ros2_course_project_one/install/_local_setup_util_sh.py'
[1.304s] INFO:colcon.colcon_core.shell:Creating prefix chain script '/home/justiny/ros2_course_project_one/install/setup.sh'
[1.304s] INFO:colcon.colcon_core.shell:Creating prefix script '/home/justiny/ros2_course_project_one/install/local_setup.bash'
[1.305s] INFO:colcon.colcon_core.shell:Creating prefix chain script '/home/justiny/ros2_course_project_one/install/setup.bash'
[1.305s] INFO:colcon.colcon_core.shell:Creating prefix script '/home/justiny/ros2_course_project_one/install/local_setup.zsh'
[1.306s] INFO:colcon.colcon_core.shell:Creating prefix chain script '/home/justiny/ros2_course_project_one/install/setup.zsh'
