[33mCMake Warning at CMakeLists.txt:14 (find_package):
  By not providing "Findament_cmake_REQUIRED.cmake" in CMAKE_MODULE_PATH this
  project has asked CMake to find a package configuration file provided by
  "ament_cmake_REQUIRED", but CMake did not find one.

  Could not find a package configuration file provided by
  "ament_cmake_REQUIRED" with any of the following names:

    ament_cmake_REQUIREDConfig.cmake
    ament_cmake_required-config.cmake

  Add the installation prefix of "ament_cmake_REQUIRED" to CMAKE_PREFIX_PATH
  or set "ament_cmake_REQUIRED_DIR" to a directory containing one of the
  above files.  If "ament_cmake_REQUIRED" provides a separate development
  package or SDK, be sure it has been installed.

[0m
[31mCMake Error at /opt/ros/humble/share/rosidl_cmake/cmake/rosidl_generate_interfaces.cmake:229 (message):
  Packages installing interfaces must include
  '<member_of_group>rosidl_interface_packages</member_of_group>' in their
  package.xml
Call Stack (most recent call first):
  CMakeLists.txt:19 (rosidl_generate_interfaces)

[0m
