-- The C compiler identification is GNU 11.4.0
-- The CXX compiler identification is GNU 11.4.0
-- Detecting C compiler ABI info
-- Detecting C compiler ABI info - done
-- Check for working C compiler: /usr/bin/cc - skipped
-- Detecting C compile features
-- Detecting C compile features - done
-- Detecting CXX compiler ABI info
-- Detecting CXX compiler ABI info - done
-- Check for working CXX compiler: /usr/bin/c++ - skipped
-- Detecting CXX compile features
-- Detecting CXX compile features - done
-- Found ament_cmake: 1.3.12 (/opt/ros/humble/share/ament_cmake/cmake)
-- Found Python3: /usr/bin/python3 (found version "3.10.12") found components: Interpreter 
[33mCMake Warning at CMakeLists.txt:14 (find_package):
  By not providing "Findament_cmake_REQUIRED.cmake" in CMAKE_MODULE_PATH this
  project has asked CMake to find a package configuration file provided by
  "ament_cmake_REQUIRED", but CMake did not find one.

  Could not find a package configuration file provided by
  "ament_cmake_REQUIRED" with any of the following names:

    ament_cmake_REQUIREDConfig.cmake
    ament_cmake_required-config.cmake

  Add the installation prefix of "ament_cmake_REQUIRED" to CMAKE_PREFIX_PATH
  or set "ament_cmake_REQUIRED_DIR" to a directory containing one of the
  above files.  If "ament_cmake_REQUIRED" provides a separate development
  package or SDK, be sure it has been installed.

[0m
-- Found rclpy: 3.3.17 (/opt/ros/humble/share/rclpy/cmake)
-- Found rosidl_default_generators: 1.2.0 (/opt/ros/humble/share/rosidl_default_generators/cmake)
-- Using all available rosidl_typesupport_c: rosidl_typesupport_fastrtps_c;rosidl_typesupport_introspection_c
-- Found rosidl_adapter: 3.1.7 (/opt/ros/humble/share/rosidl_adapter/cmake)
-- Using all available rosidl_typesupport_cpp: rosidl_typesupport_fastrtps_cpp;rosidl_typesupport_introspection_cpp
[31mCMake Error at /opt/ros/humble/share/rosidl_cmake/cmake/rosidl_generate_interfaces.cmake:229 (message):
  Packages installing interfaces must include
  '<member_of_group>rosidl_interface_packages</member_of_group>' in their
  package.xml
Call Stack (most recent call first):
  CMakeLists.txt:19 (rosidl_generate_interfaces)

[0m
-- Configuring incomplete, errors occurred!
See also "/home/justiny/ros2_course_project_one/build/project_one/CMakeFiles/CMakeOutput.log".
