-- Found ament_cmake: 1.3.12 (/opt/ros/humble/share/ament_cmake/cmake)
[33mCMake Warning at CMakeLists.txt:14 (find_package):
  By not providing "Findament_cmake_REQUIRED.cmake" in CMAKE_MODULE_PATH this
  project has asked CMake to find a package configuration file provided by
  "ament_cmake_REQUIRED", but CMake did not find one.

  Could not find a package configuration file provided by
  "ament_cmake_REQUIRED" with any of the following names:

    ament_cmake_REQUIREDConfig.cmake
    ament_cmake_required-config.cmake

  Add the installation prefix of "ament_cmake_REQUIRED" to CMAKE_PREFIX_PATH
  or set "ament_cmake_REQUIRED_DIR" to a directory containing one of the
  above files.  If "ament_cmake_REQUIRED" provides a separate development
  package or SDK, be sure it has been installed.

[0m
-- Found rclpy: 3.3.17 (/opt/ros/humble/share/rclpy/cmake)
-- Found rosidl_default_generators: 1.2.0 (/opt/ros/humble/share/rosidl_default_generators/cmake)
-- Using all available rosidl_typesupport_c: rosidl_typesupport_fastrtps_c;rosidl_typesupport_introspection_c
-- Found rosidl_adapter: 3.1.7 (/opt/ros/humble/share/rosidl_adapter/cmake)
-- Using all available rosidl_typesupport_cpp: rosidl_typesupport_fastrtps_cpp;rosidl_typesupport_introspection_cpp
-- Found ament_cmake_ros: 0.10.0 (/opt/ros/humble/share/ament_cmake_ros/cmake)
-- Using all available rosidl_typesupport_c: rosidl_typesupport_fastrtps_c;rosidl_typesupport_introspection_c
-- Using all available rosidl_typesupport_cpp: rosidl_typesupport_fastrtps_cpp;rosidl_typesupport_introspection_cpp
-- Found PythonInterp: /usr/bin/python3 (found suitable version "3.10.12", minimum required is "3.6") 
-- Found python_cmake_module: 0.10.0 (/opt/ros/humble/share/python_cmake_module/cmake)
-- Found PythonLibs: /usr/lib/x86_64-linux-gnu/libpython3.10.so (found suitable version "3.10.12", minimum required is "3.5") 
-- Using PYTHON_EXECUTABLE: /usr/bin/python3
-- Using PYTHON_INCLUDE_DIRS: /usr/include/python3.10
-- Using PYTHON_LIBRARIES: /usr/lib/x86_64-linux-gnu/libpython3.10.so
-- Found PythonExtra: .so  
-- Found ament_lint_auto: 0.12.14 (/opt/ros/humble/share/ament_lint_auto/cmake)
-- Added test 'flake8' to check Python code syntax and style conventions
-- Added test 'lint_cmake' to check CMake code style
-- Added test 'pep257' to check Python code against some of the docstring style conventions in PEP 257
-- Added test 'xmllint' to check XML markup files
-- Configuring done
-- Generating done
-- Build files have been written to: /home/justiny/ros2_course_project_one/build/project_one
[  3%] [34m[1mGenerating C code for ROS interfaces[0m
[  6%] [34m[1mGenerating C++ code for ROS interfaces[0m
[  6%] Built target ament_cmake_python_copy_project_one
[  6%] Built target project_one__cpp
running egg_info
creating project_one.egg-info
writing project_one.egg-info/PKG-INFO
writing dependency_links to project_one.egg-info/dependency_links.txt
writing top-level names to project_one.egg-info/top_level.txt
writing manifest file 'project_one.egg-info/SOURCES.txt'
reading manifest file 'project_one.egg-info/SOURCES.txt'
writing manifest file 'project_one.egg-info/SOURCES.txt'
[  9%] [32mBuilding C object CMakeFiles/project_one__rosidl_generator_c.dir/rosidl_generator_c/project_one/srv/detail/odd_even_check__functions.c.o[0m
[ 16%] [34m[1mGenerating C++ type support dispatch for ROS interfaces[0m
[ 19%] [34m[1mGenerating C++ introspection for ROS interfaces[0m
[ 19%] [34m[1mGenerating C++ type support for eProsima Fast-RTPS[0m
[ 19%] Built target ament_cmake_python_build_project_one_egg
[ 22%] [32m[1mLinking C shared library libproject_one__rosidl_generator_c.so[0m
[ 22%] Built target project_one__rosidl_generator_c
[ 25%] [32mBuilding CXX object CMakeFiles/project_one__rosidl_typesupport_cpp.dir/rosidl_typesupport_cpp/project_one/srv/odd_even_check__type_support.cpp.o[0m
[ 32%] [34m[1mGenerating C type support for eProsima Fast-RTPS[0m
[ 32%] [34m[1mGenerating C type support dispatch for ROS interfaces[0m
[ 35%] [34m[1mGenerating C introspection for ROS interfaces[0m
[ 38%] [32mBuilding CXX object CMakeFiles/project_one__rosidl_typesupport_introspection_cpp.dir/rosidl_typesupport_introspection_cpp/project_one/srv/detail/odd_even_check__type_support.cpp.o[0m
[ 41%] [32mBuilding CXX object CMakeFiles/project_one__rosidl_typesupport_fastrtps_cpp.dir/rosidl_typesupport_fastrtps_cpp/project_one/srv/detail/dds_fastrtps/odd_even_check__type_support.cpp.o[0m
[ 45%] [32mBuilding CXX object CMakeFiles/project_one__rosidl_typesupport_c.dir/rosidl_typesupport_c/project_one/srv/odd_even_check__type_support.cpp.o[0m
[ 48%] [32mBuilding C object CMakeFiles/project_one__rosidl_typesupport_introspection_c.dir/rosidl_typesupport_introspection_c/project_one/srv/detail/odd_even_check__type_support.c.o[0m
[ 51%] [32mBuilding CXX object CMakeFiles/project_one__rosidl_typesupport_fastrtps_c.dir/rosidl_typesupport_fastrtps_c/project_one/srv/detail/odd_even_check__type_support_c.cpp.o[0m
[ 54%] [32m[1mLinking CXX shared library libproject_one__rosidl_typesupport_c.so[0m
[ 58%] [32m[1mLinking C shared library libproject_one__rosidl_typesupport_introspection_c.so[0m
[ 61%] [32m[1mLinking CXX shared library libproject_one__rosidl_typesupport_cpp.so[0m
[ 61%] Built target project_one__rosidl_typesupport_introspection_c
[ 61%] Built target project_one__rosidl_typesupport_c
[ 64%] [32m[1mLinking CXX shared library libproject_one__rosidl_typesupport_introspection_cpp.so[0m
[ 64%] Built target project_one__rosidl_typesupport_cpp
[ 67%] [32m[1mLinking CXX shared library libproject_one__rosidl_typesupport_fastrtps_cpp.so[0m
[ 67%] Built target project_one__rosidl_typesupport_introspection_cpp
[ 70%] [32m[1mLinking CXX shared library libproject_one__rosidl_typesupport_fastrtps_c.so[0m
[ 70%] Built target project_one__rosidl_typesupport_fastrtps_cpp
[ 70%] Built target project_one__rosidl_typesupport_fastrtps_c
[ 70%] Built target project_one
[ 74%] [34m[1mGenerating Python code for ROS interfaces[0m
[ 74%] Built target project_one__py
[ 77%] [32mBuilding C object CMakeFiles/project_one__rosidl_generator_py.dir/rosidl_generator_py/project_one/srv/_odd_even_check_s.c.o[0m
[ 80%] [32m[1mLinking C shared library rosidl_generator_py/project_one/libproject_one__rosidl_generator_py.so[0m
[ 80%] Built target project_one__rosidl_generator_py
[ 83%] [32mBuilding C object CMakeFiles/project_one__rosidl_typesupport_fastrtps_c__pyext.dir/rosidl_generator_py/project_one/_project_one_s.ep.rosidl_typesupport_fastrtps_c.c.o[0m
[ 87%] [32mBuilding C object CMakeFiles/project_one__rosidl_typesupport_c__pyext.dir/rosidl_generator_py/project_one/_project_one_s.ep.rosidl_typesupport_c.c.o[0m
[ 90%] [32mBuilding C object CMakeFiles/project_one__rosidl_typesupport_introspection_c__pyext.dir/rosidl_generator_py/project_one/_project_one_s.ep.rosidl_typesupport_introspection_c.c.o[0m
[ 93%] [32m[1mLinking C shared library rosidl_generator_py/project_one/project_one_s__rosidl_typesupport_c.cpython-310-x86_64-linux-gnu.so[0m
[ 96%] [32m[1mLinking C shared library rosidl_generator_py/project_one/project_one_s__rosidl_typesupport_introspection_c.cpython-310-x86_64-linux-gnu.so[0m
[100%] [32m[1mLinking C shared library rosidl_generator_py/project_one/project_one_s__rosidl_typesupport_fastrtps_c.cpython-310-x86_64-linux-gnu.so[0m
[100%] Built target project_one__rosidl_typesupport_introspection_c__pyext
[100%] Built target project_one__rosidl_typesupport_c__pyext
[100%] Built target project_one__rosidl_typesupport_fastrtps_c__pyext
-- Install configuration: ""
-- Installing: /home/justiny/ros2_course_project_one/install/project_one/share/ament_index/resource_index/rosidl_interfaces/project_one
-- Installing: /home/justiny/ros2_course_project_one/install/project_one/include/project_one/project_one
-- Installing: /home/justiny/ros2_course_project_one/install/project_one/include/project_one/project_one/srv
-- Installing: /home/justiny/ros2_course_project_one/install/project_one/include/project_one/project_one/srv/detail
-- Installing: /home/justiny/ros2_course_project_one/install/project_one/include/project_one/project_one/srv/detail/odd_even_check__functions.c
-- Installing: /home/justiny/ros2_course_project_one/install/project_one/include/project_one/project_one/srv/detail/odd_even_check__functions.h
-- Installing: /home/justiny/ros2_course_project_one/install/project_one/include/project_one/project_one/srv/detail/odd_even_check__struct.h
-- Installing: /home/justiny/ros2_course_project_one/install/project_one/include/project_one/project_one/srv/detail/odd_even_check__type_support.h
-- Installing: /home/justiny/ros2_course_project_one/install/project_one/include/project_one/project_one/srv/odd_even_check.h
-- Installing: /home/justiny/ros2_course_project_one/install/project_one/include/project_one/project_one/msg
-- Installing: /home/justiny/ros2_course_project_one/install/project_one/include/project_one/project_one/msg/rosidl_generator_c__visibility_control.h
-- Installing: /home/justiny/ros2_course_project_one/install/project_one/share/project_one/environment/library_path.sh
-- Installing: /home/justiny/ros2_course_project_one/install/project_one/share/project_one/environment/library_path.dsv
-- Installing: /home/justiny/ros2_course_project_one/install/project_one/lib/libproject_one__rosidl_generator_c.so
-- Set runtime path of "/home/justiny/ros2_course_project_one/install/project_one/lib/libproject_one__rosidl_generator_c.so" to ""
-- Up-to-date: /home/justiny/ros2_course_project_one/install/project_one/include/project_one/project_one
-- Up-to-date: /home/justiny/ros2_course_project_one/install/project_one/include/project_one/project_one/srv
-- Up-to-date: /home/justiny/ros2_course_project_one/install/project_one/include/project_one/project_one/srv/detail
-- Installing: /home/justiny/ros2_course_project_one/install/project_one/include/project_one/project_one/srv/detail/odd_even_check__rosidl_typesupport_fastrtps_c.h
-- Up-to-date: /home/justiny/ros2_course_project_one/install/project_one/include/project_one/project_one/msg
-- Installing: /home/justiny/ros2_course_project_one/install/project_one/include/project_one/project_one/msg/rosidl_typesupport_fastrtps_c__visibility_control.h
-- Installing: /home/justiny/ros2_course_project_one/install/project_one/lib/libproject_one__rosidl_typesupport_fastrtps_c.so
-- Set runtime path of "/home/justiny/ros2_course_project_one/install/project_one/lib/libproject_one__rosidl_typesupport_fastrtps_c.so" to ""
-- Up-to-date: /home/justiny/ros2_course_project_one/install/project_one/include/project_one/project_one
-- Up-to-date: /home/justiny/ros2_course_project_one/install/project_one/include/project_one/project_one/srv
-- Up-to-date: /home/justiny/ros2_course_project_one/install/project_one/include/project_one/project_one/srv/detail
-- Installing: /home/justiny/ros2_course_project_one/install/project_one/include/project_one/project_one/srv/detail/odd_even_check__rosidl_typesupport_introspection_c.h
-- Installing: /home/justiny/ros2_course_project_one/install/project_one/include/project_one/project_one/srv/detail/odd_even_check__type_support.c
-- Up-to-date: /home/justiny/ros2_course_project_one/install/project_one/include/project_one/project_one/msg
-- Installing: /home/justiny/ros2_course_project_one/install/project_one/include/project_one/project_one/msg/rosidl_typesupport_introspection_c__visibility_control.h
-- Installing: /home/justiny/ros2_course_project_one/install/project_one/lib/libproject_one__rosidl_typesupport_introspection_c.so
-- Set runtime path of "/home/justiny/ros2_course_project_one/install/project_one/lib/libproject_one__rosidl_typesupport_introspection_c.so" to ""
-- Installing: /home/justiny/ros2_course_project_one/install/project_one/lib/libproject_one__rosidl_typesupport_c.so
-- Set runtime path of "/home/justiny/ros2_course_project_one/install/project_one/lib/libproject_one__rosidl_typesupport_c.so" to ""
-- Up-to-date: /home/justiny/ros2_course_project_one/install/project_one/include/project_one/project_one
-- Up-to-date: /home/justiny/ros2_course_project_one/install/project_one/include/project_one/project_one/srv
-- Installing: /home/justiny/ros2_course_project_one/install/project_one/include/project_one/project_one/srv/odd_even_check.hpp
-- Up-to-date: /home/justiny/ros2_course_project_one/install/project_one/include/project_one/project_one/srv/detail
-- Installing: /home/justiny/ros2_course_project_one/install/project_one/include/project_one/project_one/srv/detail/odd_even_check__builder.hpp
-- Installing: /home/justiny/ros2_course_project_one/install/project_one/include/project_one/project_one/srv/detail/odd_even_check__type_support.hpp
-- Installing: /home/justiny/ros2_course_project_one/install/project_one/include/project_one/project_one/srv/detail/odd_even_check__struct.hpp
-- Installing: /home/justiny/ros2_course_project_one/install/project_one/include/project_one/project_one/srv/detail/odd_even_check__traits.hpp
-- Up-to-date: /home/justiny/ros2_course_project_one/install/project_one/include/project_one/project_one/msg
-- Installing: /home/justiny/ros2_course_project_one/install/project_one/include/project_one/project_one/msg/rosidl_generator_cpp__visibility_control.hpp
-- Up-to-date: /home/justiny/ros2_course_project_one/install/project_one/include/project_one/project_one
-- Up-to-date: /home/justiny/ros2_course_project_one/install/project_one/include/project_one/project_one/srv
-- Up-to-date: /home/justiny/ros2_course_project_one/install/project_one/include/project_one/project_one/srv/detail
-- Installing: /home/justiny/ros2_course_project_one/install/project_one/include/project_one/project_one/srv/detail/dds_fastrtps
-- Installing: /home/justiny/ros2_course_project_one/install/project_one/include/project_one/project_one/srv/detail/odd_even_check__rosidl_typesupport_fastrtps_cpp.hpp
-- Up-to-date: /home/justiny/ros2_course_project_one/install/project_one/include/project_one/project_one/msg
-- Installing: /home/justiny/ros2_course_project_one/install/project_one/include/project_one/project_one/msg/rosidl_typesupport_fastrtps_cpp__visibility_control.h
-- Installing: /home/justiny/ros2_course_project_one/install/project_one/lib/libproject_one__rosidl_typesupport_fastrtps_cpp.so
-- Set runtime path of "/home/justiny/ros2_course_project_one/install/project_one/lib/libproject_one__rosidl_typesupport_fastrtps_cpp.so" to ""
-- Up-to-date: /home/justiny/ros2_course_project_one/install/project_one/include/project_one/project_one
-- Up-to-date: /home/justiny/ros2_course_project_one/install/project_one/include/project_one/project_one/srv
-- Up-to-date: /home/justiny/ros2_course_project_one/install/project_one/include/project_one/project_one/srv/detail
-- Installing: /home/justiny/ros2_course_project_one/install/project_one/include/project_one/project_one/srv/detail/odd_even_check__type_support.cpp
-- Installing: /home/justiny/ros2_course_project_one/install/project_one/include/project_one/project_one/srv/detail/odd_even_check__rosidl_typesupport_introspection_cpp.hpp
-- Installing: /home/justiny/ros2_course_project_one/install/project_one/lib/libproject_one__rosidl_typesupport_introspection_cpp.so
-- Set runtime path of "/home/justiny/ros2_course_project_one/install/project_one/lib/libproject_one__rosidl_typesupport_introspection_cpp.so" to ""
-- Installing: /home/justiny/ros2_course_project_one/install/project_one/lib/libproject_one__rosidl_typesupport_cpp.so
-- Set runtime path of "/home/justiny/ros2_course_project_one/install/project_one/lib/libproject_one__rosidl_typesupport_cpp.so" to ""
-- Installing: /home/justiny/ros2_course_project_one/install/project_one/share/project_one/environment/pythonpath.sh
-- Installing: /home/justiny/ros2_course_project_one/install/project_one/share/project_one/environment/pythonpath.dsv
-- Installing: /home/justiny/ros2_course_project_one/install/project_one/local/lib/python3.10/dist-packages/project_one-0.0.0-py3.10.egg-info
-- Installing: /home/justiny/ros2_course_project_one/install/project_one/local/lib/python3.10/dist-packages/project_one-0.0.0-py3.10.egg-info/top_level.txt
-- Installing: /home/justiny/ros2_course_project_one/install/project_one/local/lib/python3.10/dist-packages/project_one-0.0.0-py3.10.egg-info/dependency_links.txt
-- Installing: /home/justiny/ros2_course_project_one/install/project_one/local/lib/python3.10/dist-packages/project_one-0.0.0-py3.10.egg-info/SOURCES.txt
-- Installing: /home/justiny/ros2_course_project_one/install/project_one/local/lib/python3.10/dist-packages/project_one-0.0.0-py3.10.egg-info/PKG-INFO
-- Installing: /home/justiny/ros2_course_project_one/install/project_one/local/lib/python3.10/dist-packages/project_one
-- Installing: /home/justiny/ros2_course_project_one/install/project_one/local/lib/python3.10/dist-packages/project_one/_project_one_s.ep.rosidl_typesupport_fastrtps_c.c
-- Installing: /home/justiny/ros2_course_project_one/install/project_one/local/lib/python3.10/dist-packages/project_one/libproject_one__rosidl_generator_py.so
-- Installing: /home/justiny/ros2_course_project_one/install/project_one/local/lib/python3.10/dist-packages/project_one/_project_one_s.ep.rosidl_typesupport_introspection_c.c
-- Installing: /home/justiny/ros2_course_project_one/install/project_one/local/lib/python3.10/dist-packages/project_one/project_one_s__rosidl_typesupport_c.cpython-310-x86_64-linux-gnu.so
-- Installing: /home/justiny/ros2_course_project_one/install/project_one/local/lib/python3.10/dist-packages/project_one/srv
-- Installing: /home/justiny/ros2_course_project_one/install/project_one/local/lib/python3.10/dist-packages/project_one/srv/__init__.py
-- Installing: /home/justiny/ros2_course_project_one/install/project_one/local/lib/python3.10/dist-packages/project_one/srv/_odd_even_check_s.c
-- Installing: /home/justiny/ros2_course_project_one/install/project_one/local/lib/python3.10/dist-packages/project_one/srv/_odd_even_check.py
-- Installing: /home/justiny/ros2_course_project_one/install/project_one/local/lib/python3.10/dist-packages/project_one/project_one_s__rosidl_typesupport_fastrtps_c.cpython-310-x86_64-linux-gnu.so
-- Installing: /home/justiny/ros2_course_project_one/install/project_one/local/lib/python3.10/dist-packages/project_one/__init__.py
-- Installing: /home/justiny/ros2_course_project_one/install/project_one/local/lib/python3.10/dist-packages/project_one/project_one_s__rosidl_typesupport_introspection_c.cpython-310-x86_64-linux-gnu.so
-- Installing: /home/justiny/ros2_course_project_one/install/project_one/local/lib/python3.10/dist-packages/project_one/_project_one_s.ep.rosidl_typesupport_c.c
Listing '/home/justiny/ros2_course_project_one/install/project_one/local/lib/python3.10/dist-packages/project_one'...
Compiling '/home/justiny/ros2_course_project_one/install/project_one/local/lib/python3.10/dist-packages/project_one/__init__.py'...
Listing '/home/justiny/ros2_course_project_one/install/project_one/local/lib/python3.10/dist-packages/project_one/srv'...
Compiling '/home/justiny/ros2_course_project_one/install/project_one/local/lib/python3.10/dist-packages/project_one/srv/__init__.py'...
Compiling '/home/justiny/ros2_course_project_one/install/project_one/local/lib/python3.10/dist-packages/project_one/srv/_odd_even_check.py'...
-- Installing: /home/justiny/ros2_course_project_one/install/project_one/local/lib/python3.10/dist-packages/project_one/project_one_s__rosidl_typesupport_fastrtps_c.cpython-310-x86_64-linux-gnu.so
-- Set runtime path of "/home/justiny/ros2_course_project_one/install/project_one/local/lib/python3.10/dist-packages/project_one/project_one_s__rosidl_typesupport_fastrtps_c.cpython-310-x86_64-linux-gnu.so" to ""
-- Installing: /home/justiny/ros2_course_project_one/install/project_one/local/lib/python3.10/dist-packages/project_one/project_one_s__rosidl_typesupport_introspection_c.cpython-310-x86_64-linux-gnu.so
-- Set runtime path of "/home/justiny/ros2_course_project_one/install/project_one/local/lib/python3.10/dist-packages/project_one/project_one_s__rosidl_typesupport_introspection_c.cpython-310-x86_64-linux-gnu.so" to ""
-- Installing: /home/justiny/ros2_course_project_one/install/project_one/local/lib/python3.10/dist-packages/project_one/project_one_s__rosidl_typesupport_c.cpython-310-x86_64-linux-gnu.so
-- Set runtime path of "/home/justiny/ros2_course_project_one/install/project_one/local/lib/python3.10/dist-packages/project_one/project_one_s__rosidl_typesupport_c.cpython-310-x86_64-linux-gnu.so" to ""
-- Installing: /home/justiny/ros2_course_project_one/install/project_one/lib/libproject_one__rosidl_generator_py.so
-- Set runtime path of "/home/justiny/ros2_course_project_one/install/project_one/lib/libproject_one__rosidl_generator_py.so" to ""
-- Installing: /home/justiny/ros2_course_project_one/install/project_one/share/project_one/srv/OddEvenCheck.idl
-- Installing: /home/justiny/ros2_course_project_one/install/project_one/share/project_one/srv/OddEvenCheck.srv
-- Installing: /home/justiny/ros2_course_project_one/install/project_one/share/project_one/srv/OddEvenCheck_Request.msg
-- Installing: /home/justiny/ros2_course_project_one/install/project_one/share/project_one/srv/OddEvenCheck_Response.msg
-- Installing: /home/justiny/ros2_course_project_one/install/project_one/lib/project_one/publisher.py
-- Installing: /home/justiny/ros2_course_project_one/install/project_one/lib/project_one/combined.py
-- Installing: /home/justiny/ros2_course_project_one/install/project_one/share/project_one//launch
-- Installing: /home/justiny/ros2_course_project_one/install/project_one/share/project_one//launch/rpm_node.launch.py
-- Installing: /home/justiny/ros2_course_project_one/install/project_one/share/ament_index/resource_index/package_run_dependencies/project_one
-- Installing: /home/justiny/ros2_course_project_one/install/project_one/share/ament_index/resource_index/parent_prefix_path/project_one
-- Installing: /home/justiny/ros2_course_project_one/install/project_one/share/project_one/environment/ament_prefix_path.sh
-- Installing: /home/justiny/ros2_course_project_one/install/project_one/share/project_one/environment/ament_prefix_path.dsv
-- Installing: /home/justiny/ros2_course_project_one/install/project_one/share/project_one/environment/path.sh
-- Installing: /home/justiny/ros2_course_project_one/install/project_one/share/project_one/environment/path.dsv
-- Installing: /home/justiny/ros2_course_project_one/install/project_one/share/project_one/local_setup.bash
-- Installing: /home/justiny/ros2_course_project_one/install/project_one/share/project_one/local_setup.sh
-- Installing: /home/justiny/ros2_course_project_one/install/project_one/share/project_one/local_setup.zsh
-- Installing: /home/justiny/ros2_course_project_one/install/project_one/share/project_one/local_setup.dsv
-- Installing: /home/justiny/ros2_course_project_one/install/project_one/share/project_one/package.dsv
-- Installing: /home/justiny/ros2_course_project_one/install/project_one/share/ament_index/resource_index/packages/project_one
-- Installing: /home/justiny/ros2_course_project_one/install/project_one/share/project_one/cmake/export_project_one__rosidl_generator_cExport.cmake
-- Installing: /home/justiny/ros2_course_project_one/install/project_one/share/project_one/cmake/export_project_one__rosidl_generator_cExport-noconfig.cmake
-- Installing: /home/justiny/ros2_course_project_one/install/project_one/share/project_one/cmake/export_project_one__rosidl_typesupport_fastrtps_cExport.cmake
-- Installing: /home/justiny/ros2_course_project_one/install/project_one/share/project_one/cmake/export_project_one__rosidl_typesupport_fastrtps_cExport-noconfig.cmake
-- Installing: /home/justiny/ros2_course_project_one/install/project_one/share/project_one/cmake/project_one__rosidl_typesupport_introspection_cExport.cmake
-- Installing: /home/justiny/ros2_course_project_one/install/project_one/share/project_one/cmake/project_one__rosidl_typesupport_introspection_cExport-noconfig.cmake
-- Installing: /home/justiny/ros2_course_project_one/install/project_one/share/project_one/cmake/project_one__rosidl_typesupport_cExport.cmake
-- Installing: /home/justiny/ros2_course_project_one/install/project_one/share/project_one/cmake/project_one__rosidl_typesupport_cExport-noconfig.cmake
-- Installing: /home/justiny/ros2_course_project_one/install/project_one/share/project_one/cmake/export_project_one__rosidl_generator_cppExport.cmake
-- Installing: /home/justiny/ros2_course_project_one/install/project_one/share/project_one/cmake/export_project_one__rosidl_typesupport_fastrtps_cppExport.cmake
-- Installing: /home/justiny/ros2_course_project_one/install/project_one/share/project_one/cmake/export_project_one__rosidl_typesupport_fastrtps_cppExport-noconfig.cmake
-- Installing: /home/justiny/ros2_course_project_one/install/project_one/share/project_one/cmake/project_one__rosidl_typesupport_introspection_cppExport.cmake
-- Installing: /home/justiny/ros2_course_project_one/install/project_one/share/project_one/cmake/project_one__rosidl_typesupport_introspection_cppExport-noconfig.cmake
-- Installing: /home/justiny/ros2_course_project_one/install/project_one/share/project_one/cmake/project_one__rosidl_typesupport_cppExport.cmake
-- Installing: /home/justiny/ros2_course_project_one/install/project_one/share/project_one/cmake/project_one__rosidl_typesupport_cppExport-noconfig.cmake
-- Installing: /home/justiny/ros2_course_project_one/install/project_one/share/project_one/cmake/export_project_one__rosidl_generator_pyExport.cmake
-- Installing: /home/justiny/ros2_course_project_one/install/project_one/share/project_one/cmake/export_project_one__rosidl_generator_pyExport-noconfig.cmake
-- Installing: /home/justiny/ros2_course_project_one/install/project_one/share/project_one/cmake/rosidl_cmake-extras.cmake
-- Installing: /home/justiny/ros2_course_project_one/install/project_one/share/project_one/cmake/ament_cmake_export_include_directories-extras.cmake
-- Installing: /home/justiny/ros2_course_project_one/install/project_one/share/project_one/cmake/ament_cmake_export_libraries-extras.cmake
-- Installing: /home/justiny/ros2_course_project_one/install/project_one/share/project_one/cmake/ament_cmake_export_targets-extras.cmake
-- Installing: /home/justiny/ros2_course_project_one/install/project_one/share/project_one/cmake/rosidl_cmake_export_typesupport_targets-extras.cmake
-- Installing: /home/justiny/ros2_course_project_one/install/project_one/share/project_one/cmake/ament_cmake_export_dependencies-extras.cmake
-- Installing: /home/justiny/ros2_course_project_one/install/project_one/share/project_one/cmake/rosidl_cmake_export_typesupport_libraries-extras.cmake
-- Installing: /home/justiny/ros2_course_project_one/install/project_one/share/project_one/cmake/project_oneConfig.cmake
-- Installing: /home/justiny/ros2_course_project_one/install/project_one/share/project_one/cmake/project_oneConfig-version.cmake
-- Installing: /home/justiny/ros2_course_project_one/install/project_one/share/project_one/package.xml
