[0.008s] Invoking command in '/home/justiny/ros2_course_project_one/build/project_one': CMAKE_PREFIX_PATH=/opt/ros/humble /usr/bin/cmake /home/justiny/ros2_course_project_one/src/project_one -DCMAKE_INSTALL_PREFIX=/home/justiny/ros2_course_project_one/install/project_one
[0.017s] -- Found ament_cmake: 1.3.12 (/opt/ros/humble/share/ament_cmake/cmake)
[0.694s] [33mCMake Warning at CMakeLists.txt:14 (find_package):
[0.694s]   By not providing "Findament_cmake_REQUIRED.cmake" in CMAKE_MODULE_PATH this
[0.694s]   project has asked CMake to find a package configuration file provided by
[0.694s]   "ament_cmake_REQUIRED", but CMake did not find one.
[0.694s] 
[0.694s]   Could not find a package configuration file provided by
[0.694s]   "ament_cmake_REQUIRED" with any of the following names:
[0.694s] 
[0.694s]     ament_cmake_REQUIREDConfig.cmake
[0.694s]     ament_cmake_required-config.cmake
[0.694s] 
[0.694s]   Add the installation prefix of "ament_cmake_REQUIRED" to CMAKE_PREFIX_PATH
[0.694s]   or set "ament_cmake_REQUIRED_DIR" to a directory containing one of the
[0.694s]   above files.  If "ament_cmake_REQUIRED" provides a separate development
[0.694s]   package or SDK, be sure it has been installed.
[0.694s] 
[0.694s] [0m
[0.694s] -- Found rclpy: 3.3.17 (/opt/ros/humble/share/rclpy/cmake)
[0.694s] -- Found rosidl_default_generators: 1.2.0 (/opt/ros/humble/share/rosidl_default_generators/cmake)
[0.695s] -- Using all available rosidl_typesupport_c: rosidl_typesupport_fastrtps_c;rosidl_typesupport_introspection_c
[0.696s] -- Found rosidl_adapter: 3.1.7 (/opt/ros/humble/share/rosidl_adapter/cmake)
[0.773s] -- Using all available rosidl_typesupport_cpp: rosidl_typesupport_fastrtps_cpp;rosidl_typesupport_introspection_cpp
[0.938s] -- Found ament_cmake_ros: 0.10.0 (/opt/ros/humble/share/ament_cmake_ros/cmake)
[1.059s] -- Using all available rosidl_typesupport_c: rosidl_typesupport_fastrtps_c;rosidl_typesupport_introspection_c
[1.208s] -- Using all available rosidl_typesupport_cpp: rosidl_typesupport_fastrtps_cpp;rosidl_typesupport_introspection_cpp
[1.279s] -- Found PythonInterp: /usr/bin/python3 (found suitable version "3.10.12", minimum required is "3.6") 
[1.281s] -- Found python_cmake_module: 0.10.0 (/opt/ros/humble/share/python_cmake_module/cmake)
[1.492s] -- Found PythonLibs: /usr/lib/x86_64-linux-gnu/libpython3.10.so (found suitable version "3.10.12", minimum required is "3.5") 
[1.492s] -- Using PYTHON_EXECUTABLE: /usr/bin/python3
[1.492s] -- Using PYTHON_INCLUDE_DIRS: /usr/include/python3.10
[1.493s] -- Using PYTHON_LIBRARIES: /usr/lib/x86_64-linux-gnu/libpython3.10.so
[1.506s] -- Found PythonExtra: .so  
[1.552s] -- Found ament_lint_auto: 0.12.14 (/opt/ros/humble/share/ament_lint_auto/cmake)
[1.579s] -- Added test 'flake8' to check Python code syntax and style conventions
[1.580s] -- Added test 'lint_cmake' to check CMake code style
[1.580s] -- Added test 'pep257' to check Python code against some of the docstring style conventions in PEP 257
[1.582s] -- Added test 'xmllint' to check XML markup files
[1.585s] -- Configuring done
[1.627s] -- Generating done
[1.635s] -- Build files have been written to: /home/justiny/ros2_course_project_one/build/project_one
[1.641s] Invoked command in '/home/justiny/ros2_course_project_one/build/project_one' returned '0': CMAKE_PREFIX_PATH=/opt/ros/humble /usr/bin/cmake /home/justiny/ros2_course_project_one/src/project_one -DCMAKE_INSTALL_PREFIX=/home/justiny/ros2_course_project_one/install/project_one
[1.643s] Invoking command in '/home/justiny/ros2_course_project_one/build/project_one': CMAKE_PREFIX_PATH=/opt/ros/humble /usr/bin/cmake --build /home/justiny/ros2_course_project_one/build/project_one -- -j16 -l16
[1.672s] [  3%] [34m[1mGenerating C code for ROS interfaces[0m
[1.680s] [  6%] [34m[1mGenerating C++ code for ROS interfaces[0m
[1.686s] [  6%] Built target ament_cmake_python_copy_project_one
[1.834s] [  6%] Built target project_one__cpp
[1.835s] running egg_info
[1.836s] creating project_one.egg-info
[1.837s] writing project_one.egg-info/PKG-INFO
[1.837s] writing dependency_links to project_one.egg-info/dependency_links.txt
[1.837s] writing top-level names to project_one.egg-info/top_level.txt
[1.837s] writing manifest file 'project_one.egg-info/SOURCES.txt'
[1.839s] reading manifest file 'project_one.egg-info/SOURCES.txt'
[1.840s] writing manifest file 'project_one.egg-info/SOURCES.txt'
[1.840s] [  9%] [32mBuilding C object CMakeFiles/project_one__rosidl_generator_c.dir/rosidl_generator_c/project_one/srv/detail/odd_even_check__functions.c.o[0m
[1.842s] [ 16%] [34m[1mGenerating C++ type support dispatch for ROS interfaces[0m
[1.842s] [ 19%] [34m[1mGenerating C++ introspection for ROS interfaces[0m
[1.842s] [ 19%] [34m[1mGenerating C++ type support for eProsima Fast-RTPS[0m
[1.862s] [ 19%] Built target ament_cmake_python_build_project_one_egg
[1.905s] [ 22%] [32m[1mLinking C shared library libproject_one__rosidl_generator_c.so[0m
[1.973s] [ 22%] Built target project_one__rosidl_generator_c
[1.976s] [ 25%] [32mBuilding CXX object CMakeFiles/project_one__rosidl_typesupport_cpp.dir/rosidl_typesupport_cpp/project_one/srv/odd_even_check__type_support.cpp.o[0m
[1.981s] [ 32%] [34m[1mGenerating C type support for eProsima Fast-RTPS[0m
[1.981s] [ 32%] [34m[1mGenerating C type support dispatch for ROS interfaces[0m
[1.981s] [ 35%] [34m[1mGenerating C introspection for ROS interfaces[0m
[1.985s] [ 38%] [32mBuilding CXX object CMakeFiles/project_one__rosidl_typesupport_introspection_cpp.dir/rosidl_typesupport_introspection_cpp/project_one/srv/detail/odd_even_check__type_support.cpp.o[0m
[1.988s] [ 41%] [32mBuilding CXX object CMakeFiles/project_one__rosidl_typesupport_fastrtps_cpp.dir/rosidl_typesupport_fastrtps_cpp/project_one/srv/detail/dds_fastrtps/odd_even_check__type_support.cpp.o[0m
[2.113s] [ 45%] [32mBuilding CXX object CMakeFiles/project_one__rosidl_typesupport_c.dir/rosidl_typesupport_c/project_one/srv/odd_even_check__type_support.cpp.o[0m
[2.129s] [ 48%] [32mBuilding C object CMakeFiles/project_one__rosidl_typesupport_introspection_c.dir/rosidl_typesupport_introspection_c/project_one/srv/detail/odd_even_check__type_support.c.o[0m
[2.131s] [ 51%] [32mBuilding CXX object CMakeFiles/project_one__rosidl_typesupport_fastrtps_c.dir/rosidl_typesupport_fastrtps_c/project_one/srv/detail/odd_even_check__type_support_c.cpp.o[0m
[2.146s] [ 54%] [32m[1mLinking CXX shared library libproject_one__rosidl_typesupport_c.so[0m
[2.159s] [ 58%] [32m[1mLinking C shared library libproject_one__rosidl_typesupport_introspection_c.so[0m
[2.182s] [ 61%] [32m[1mLinking CXX shared library libproject_one__rosidl_typesupport_cpp.so[0m
[2.222s] [ 61%] Built target project_one__rosidl_typesupport_introspection_c
[2.225s] [ 61%] Built target project_one__rosidl_typesupport_c
[2.245s] [ 64%] [32m[1mLinking CXX shared library libproject_one__rosidl_typesupport_introspection_cpp.so[0m
[2.249s] [ 64%] Built target project_one__rosidl_typesupport_cpp
[2.267s] [ 67%] [32m[1mLinking CXX shared library libproject_one__rosidl_typesupport_fastrtps_cpp.so[0m
[2.333s] [ 67%] Built target project_one__rosidl_typesupport_introspection_cpp
[2.342s] [ 70%] [32m[1mLinking CXX shared library libproject_one__rosidl_typesupport_fastrtps_c.so[0m
[2.355s] [ 70%] Built target project_one__rosidl_typesupport_fastrtps_cpp
[2.435s] [ 70%] Built target project_one__rosidl_typesupport_fastrtps_c
[2.451s] [ 70%] Built target project_one
[2.467s] [ 74%] [34m[1mGenerating Python code for ROS interfaces[0m
[2.649s] [ 74%] Built target project_one__py
[2.665s] [ 77%] [32mBuilding C object CMakeFiles/project_one__rosidl_generator_py.dir/rosidl_generator_py/project_one/srv/_odd_even_check_s.c.o[0m
[2.767s] [ 80%] [32m[1mLinking C shared library rosidl_generator_py/project_one/libproject_one__rosidl_generator_py.so[0m
[2.837s] [ 80%] Built target project_one__rosidl_generator_py
[2.852s] [ 83%] [32mBuilding C object CMakeFiles/project_one__rosidl_typesupport_fastrtps_c__pyext.dir/rosidl_generator_py/project_one/_project_one_s.ep.rosidl_typesupport_fastrtps_c.c.o[0m
[2.853s] [ 87%] [32mBuilding C object CMakeFiles/project_one__rosidl_typesupport_c__pyext.dir/rosidl_generator_py/project_one/_project_one_s.ep.rosidl_typesupport_c.c.o[0m
[2.853s] [ 90%] [32mBuilding C object CMakeFiles/project_one__rosidl_typesupport_introspection_c__pyext.dir/rosidl_generator_py/project_one/_project_one_s.ep.rosidl_typesupport_introspection_c.c.o[0m
[2.914s] [ 93%] [32m[1mLinking C shared library rosidl_generator_py/project_one/project_one_s__rosidl_typesupport_c.cpython-310-x86_64-linux-gnu.so[0m
[2.914s] [ 96%] [32m[1mLinking C shared library rosidl_generator_py/project_one/project_one_s__rosidl_typesupport_introspection_c.cpython-310-x86_64-linux-gnu.so[0m
[2.919s] [100%] [32m[1mLinking C shared library rosidl_generator_py/project_one/project_one_s__rosidl_typesupport_fastrtps_c.cpython-310-x86_64-linux-gnu.so[0m
[2.965s] [100%] Built target project_one__rosidl_typesupport_introspection_c__pyext
[2.965s] [100%] Built target project_one__rosidl_typesupport_c__pyext
[2.983s] [100%] Built target project_one__rosidl_typesupport_fastrtps_c__pyext
[2.993s] Invoked command in '/home/justiny/ros2_course_project_one/build/project_one' returned '0': CMAKE_PREFIX_PATH=/opt/ros/humble /usr/bin/cmake --build /home/justiny/ros2_course_project_one/build/project_one -- -j16 -l16
[3.001s] Invoking command in '/home/justiny/ros2_course_project_one/build/project_one': CMAKE_PREFIX_PATH=/opt/ros/humble /usr/bin/cmake --install /home/justiny/ros2_course_project_one/build/project_one
[3.006s] -- Install configuration: ""
[3.007s] -- Installing: /home/justiny/ros2_course_project_one/install/project_one/share/ament_index/resource_index/rosidl_interfaces/project_one
[3.007s] -- Installing: /home/justiny/ros2_course_project_one/install/project_one/include/project_one/project_one
[3.008s] -- Installing: /home/justiny/ros2_course_project_one/install/project_one/include/project_one/project_one/srv
[3.009s] -- Installing: /home/justiny/ros2_course_project_one/install/project_one/include/project_one/project_one/srv/detail
[3.009s] -- Installing: /home/justiny/ros2_course_project_one/install/project_one/include/project_one/project_one/srv/detail/odd_even_check__functions.c
[3.009s] -- Installing: /home/justiny/ros2_course_project_one/install/project_one/include/project_one/project_one/srv/detail/odd_even_check__functions.h
[3.009s] -- Installing: /home/justiny/ros2_course_project_one/install/project_one/include/project_one/project_one/srv/detail/odd_even_check__struct.h
[3.009s] -- Installing: /home/justiny/ros2_course_project_one/install/project_one/include/project_one/project_one/srv/detail/odd_even_check__type_support.h
[3.010s] -- Installing: /home/justiny/ros2_course_project_one/install/project_one/include/project_one/project_one/srv/odd_even_check.h
[3.010s] -- Installing: /home/justiny/ros2_course_project_one/install/project_one/include/project_one/project_one/msg
[3.010s] -- Installing: /home/justiny/ros2_course_project_one/install/project_one/include/project_one/project_one/msg/rosidl_generator_c__visibility_control.h
[3.010s] -- Installing: /home/justiny/ros2_course_project_one/install/project_one/share/project_one/environment/library_path.sh
[3.011s] -- Installing: /home/justiny/ros2_course_project_one/install/project_one/share/project_one/environment/library_path.dsv
[3.011s] -- Installing: /home/justiny/ros2_course_project_one/install/project_one/lib/libproject_one__rosidl_generator_c.so
[3.012s] -- Set runtime path of "/home/justiny/ros2_course_project_one/install/project_one/lib/libproject_one__rosidl_generator_c.so" to ""
[3.012s] -- Up-to-date: /home/justiny/ros2_course_project_one/install/project_one/include/project_one/project_one
[3.012s] -- Up-to-date: /home/justiny/ros2_course_project_one/install/project_one/include/project_one/project_one/srv
[3.012s] -- Up-to-date: /home/justiny/ros2_course_project_one/install/project_one/include/project_one/project_one/srv/detail
[3.012s] -- Installing: /home/justiny/ros2_course_project_one/install/project_one/include/project_one/project_one/srv/detail/odd_even_check__rosidl_typesupport_fastrtps_c.h
[3.012s] -- Up-to-date: /home/justiny/ros2_course_project_one/install/project_one/include/project_one/project_one/msg
[3.012s] -- Installing: /home/justiny/ros2_course_project_one/install/project_one/include/project_one/project_one/msg/rosidl_typesupport_fastrtps_c__visibility_control.h
[3.012s] -- Installing: /home/justiny/ros2_course_project_one/install/project_one/lib/libproject_one__rosidl_typesupport_fastrtps_c.so
[3.012s] -- Set runtime path of "/home/justiny/ros2_course_project_one/install/project_one/lib/libproject_one__rosidl_typesupport_fastrtps_c.so" to ""
[3.013s] -- Up-to-date: /home/justiny/ros2_course_project_one/install/project_one/include/project_one/project_one
[3.013s] -- Up-to-date: /home/justiny/ros2_course_project_one/install/project_one/include/project_one/project_one/srv
[3.013s] -- Up-to-date: /home/justiny/ros2_course_project_one/install/project_one/include/project_one/project_one/srv/detail
[3.013s] -- Installing: /home/justiny/ros2_course_project_one/install/project_one/include/project_one/project_one/srv/detail/odd_even_check__rosidl_typesupport_introspection_c.h
[3.013s] -- Installing: /home/justiny/ros2_course_project_one/install/project_one/include/project_one/project_one/srv/detail/odd_even_check__type_support.c
[3.013s] -- Up-to-date: /home/justiny/ros2_course_project_one/install/project_one/include/project_one/project_one/msg
[3.013s] -- Installing: /home/justiny/ros2_course_project_one/install/project_one/include/project_one/project_one/msg/rosidl_typesupport_introspection_c__visibility_control.h
[3.013s] -- Installing: /home/justiny/ros2_course_project_one/install/project_one/lib/libproject_one__rosidl_typesupport_introspection_c.so
[3.013s] -- Set runtime path of "/home/justiny/ros2_course_project_one/install/project_one/lib/libproject_one__rosidl_typesupport_introspection_c.so" to ""
[3.014s] -- Installing: /home/justiny/ros2_course_project_one/install/project_one/lib/libproject_one__rosidl_typesupport_c.so
[3.014s] -- Set runtime path of "/home/justiny/ros2_course_project_one/install/project_one/lib/libproject_one__rosidl_typesupport_c.so" to ""
[3.014s] -- Up-to-date: /home/justiny/ros2_course_project_one/install/project_one/include/project_one/project_one
[3.014s] -- Up-to-date: /home/justiny/ros2_course_project_one/install/project_one/include/project_one/project_one/srv
[3.014s] -- Installing: /home/justiny/ros2_course_project_one/install/project_one/include/project_one/project_one/srv/odd_even_check.hpp
[3.014s] -- Up-to-date: /home/justiny/ros2_course_project_one/install/project_one/include/project_one/project_one/srv/detail
[3.014s] -- Installing: /home/justiny/ros2_course_project_one/install/project_one/include/project_one/project_one/srv/detail/odd_even_check__builder.hpp
[3.014s] -- Installing: /home/justiny/ros2_course_project_one/install/project_one/include/project_one/project_one/srv/detail/odd_even_check__type_support.hpp
[3.015s] -- Installing: /home/justiny/ros2_course_project_one/install/project_one/include/project_one/project_one/srv/detail/odd_even_check__struct.hpp
[3.015s] -- Installing: /home/justiny/ros2_course_project_one/install/project_one/include/project_one/project_one/srv/detail/odd_even_check__traits.hpp
[3.015s] -- Up-to-date: /home/justiny/ros2_course_project_one/install/project_one/include/project_one/project_one/msg
[3.015s] -- Installing: /home/justiny/ros2_course_project_one/install/project_one/include/project_one/project_one/msg/rosidl_generator_cpp__visibility_control.hpp
[3.015s] -- Up-to-date: /home/justiny/ros2_course_project_one/install/project_one/include/project_one/project_one
[3.015s] -- Up-to-date: /home/justiny/ros2_course_project_one/install/project_one/include/project_one/project_one/srv
[3.015s] -- Up-to-date: /home/justiny/ros2_course_project_one/install/project_one/include/project_one/project_one/srv/detail
[3.015s] -- Installing: /home/justiny/ros2_course_project_one/install/project_one/include/project_one/project_one/srv/detail/dds_fastrtps
[3.015s] -- Installing: /home/justiny/ros2_course_project_one/install/project_one/include/project_one/project_one/srv/detail/odd_even_check__rosidl_typesupport_fastrtps_cpp.hpp
[3.016s] -- Up-to-date: /home/justiny/ros2_course_project_one/install/project_one/include/project_one/project_one/msg
[3.016s] -- Installing: /home/justiny/ros2_course_project_one/install/project_one/include/project_one/project_one/msg/rosidl_typesupport_fastrtps_cpp__visibility_control.h
[3.016s] -- Installing: /home/justiny/ros2_course_project_one/install/project_one/lib/libproject_one__rosidl_typesupport_fastrtps_cpp.so
[3.016s] -- Set runtime path of "/home/justiny/ros2_course_project_one/install/project_one/lib/libproject_one__rosidl_typesupport_fastrtps_cpp.so" to ""
[3.016s] -- Up-to-date: /home/justiny/ros2_course_project_one/install/project_one/include/project_one/project_one
[3.016s] -- Up-to-date: /home/justiny/ros2_course_project_one/install/project_one/include/project_one/project_one/srv
[3.017s] -- Up-to-date: /home/justiny/ros2_course_project_one/install/project_one/include/project_one/project_one/srv/detail
[3.017s] -- Installing: /home/justiny/ros2_course_project_one/install/project_one/include/project_one/project_one/srv/detail/odd_even_check__type_support.cpp
[3.017s] -- Installing: /home/justiny/ros2_course_project_one/install/project_one/include/project_one/project_one/srv/detail/odd_even_check__rosidl_typesupport_introspection_cpp.hpp
[3.017s] -- Installing: /home/justiny/ros2_course_project_one/install/project_one/lib/libproject_one__rosidl_typesupport_introspection_cpp.so
[3.017s] -- Set runtime path of "/home/justiny/ros2_course_project_one/install/project_one/lib/libproject_one__rosidl_typesupport_introspection_cpp.so" to ""
[3.017s] -- Installing: /home/justiny/ros2_course_project_one/install/project_one/lib/libproject_one__rosidl_typesupport_cpp.so
[3.018s] -- Set runtime path of "/home/justiny/ros2_course_project_one/install/project_one/lib/libproject_one__rosidl_typesupport_cpp.so" to ""
[3.018s] -- Installing: /home/justiny/ros2_course_project_one/install/project_one/share/project_one/environment/pythonpath.sh
[3.018s] -- Installing: /home/justiny/ros2_course_project_one/install/project_one/share/project_one/environment/pythonpath.dsv
[3.018s] -- Installing: /home/justiny/ros2_course_project_one/install/project_one/local/lib/python3.10/dist-packages/project_one-0.0.0-py3.10.egg-info
[3.020s] -- Installing: /home/justiny/ros2_course_project_one/install/project_one/local/lib/python3.10/dist-packages/project_one-0.0.0-py3.10.egg-info/top_level.txt
[3.020s] -- Installing: /home/justiny/ros2_course_project_one/install/project_one/local/lib/python3.10/dist-packages/project_one-0.0.0-py3.10.egg-info/dependency_links.txt
[3.020s] -- Installing: /home/justiny/ros2_course_project_one/install/project_one/local/lib/python3.10/dist-packages/project_one-0.0.0-py3.10.egg-info/SOURCES.txt
[3.020s] -- Installing: /home/justiny/ros2_course_project_one/install/project_one/local/lib/python3.10/dist-packages/project_one-0.0.0-py3.10.egg-info/PKG-INFO
[3.020s] -- Installing: /home/justiny/ros2_course_project_one/install/project_one/local/lib/python3.10/dist-packages/project_one
[3.021s] -- Installing: /home/justiny/ros2_course_project_one/install/project_one/local/lib/python3.10/dist-packages/project_one/_project_one_s.ep.rosidl_typesupport_fastrtps_c.c
[3.021s] -- Installing: /home/justiny/ros2_course_project_one/install/project_one/local/lib/python3.10/dist-packages/project_one/libproject_one__rosidl_generator_py.so
[3.021s] -- Installing: /home/justiny/ros2_course_project_one/install/project_one/local/lib/python3.10/dist-packages/project_one/_project_one_s.ep.rosidl_typesupport_introspection_c.c
[3.021s] -- Installing: /home/justiny/ros2_course_project_one/install/project_one/local/lib/python3.10/dist-packages/project_one/project_one_s__rosidl_typesupport_c.cpython-310-x86_64-linux-gnu.so
[3.021s] -- Installing: /home/justiny/ros2_course_project_one/install/project_one/local/lib/python3.10/dist-packages/project_one/srv
[3.022s] -- Installing: /home/justiny/ros2_course_project_one/install/project_one/local/lib/python3.10/dist-packages/project_one/srv/__init__.py
[3.022s] -- Installing: /home/justiny/ros2_course_project_one/install/project_one/local/lib/python3.10/dist-packages/project_one/srv/_odd_even_check_s.c
[3.022s] -- Installing: /home/justiny/ros2_course_project_one/install/project_one/local/lib/python3.10/dist-packages/project_one/srv/_odd_even_check.py
[3.022s] -- Installing: /home/justiny/ros2_course_project_one/install/project_one/local/lib/python3.10/dist-packages/project_one/project_one_s__rosidl_typesupport_fastrtps_c.cpython-310-x86_64-linux-gnu.so
[3.022s] -- Installing: /home/justiny/ros2_course_project_one/install/project_one/local/lib/python3.10/dist-packages/project_one/__init__.py
[3.023s] -- Installing: /home/justiny/ros2_course_project_one/install/project_one/local/lib/python3.10/dist-packages/project_one/project_one_s__rosidl_typesupport_introspection_c.cpython-310-x86_64-linux-gnu.so
[3.023s] -- Installing: /home/justiny/ros2_course_project_one/install/project_one/local/lib/python3.10/dist-packages/project_one/_project_one_s.ep.rosidl_typesupport_c.c
[3.045s] Listing '/home/justiny/ros2_course_project_one/install/project_one/local/lib/python3.10/dist-packages/project_one'...
[3.045s] Compiling '/home/justiny/ros2_course_project_one/install/project_one/local/lib/python3.10/dist-packages/project_one/__init__.py'...
[3.045s] Listing '/home/justiny/ros2_course_project_one/install/project_one/local/lib/python3.10/dist-packages/project_one/srv'...
[3.045s] Compiling '/home/justiny/ros2_course_project_one/install/project_one/local/lib/python3.10/dist-packages/project_one/srv/__init__.py'...
[3.045s] Compiling '/home/justiny/ros2_course_project_one/install/project_one/local/lib/python3.10/dist-packages/project_one/srv/_odd_even_check.py'...
[3.049s] -- Installing: /home/justiny/ros2_course_project_one/install/project_one/local/lib/python3.10/dist-packages/project_one/project_one_s__rosidl_typesupport_fastrtps_c.cpython-310-x86_64-linux-gnu.so
[3.049s] -- Set runtime path of "/home/justiny/ros2_course_project_one/install/project_one/local/lib/python3.10/dist-packages/project_one/project_one_s__rosidl_typesupport_fastrtps_c.cpython-310-x86_64-linux-gnu.so" to ""
[3.049s] -- Installing: /home/justiny/ros2_course_project_one/install/project_one/local/lib/python3.10/dist-packages/project_one/project_one_s__rosidl_typesupport_introspection_c.cpython-310-x86_64-linux-gnu.so
[3.050s] -- Set runtime path of "/home/justiny/ros2_course_project_one/install/project_one/local/lib/python3.10/dist-packages/project_one/project_one_s__rosidl_typesupport_introspection_c.cpython-310-x86_64-linux-gnu.so" to ""
[3.050s] -- Installing: /home/justiny/ros2_course_project_one/install/project_one/local/lib/python3.10/dist-packages/project_one/project_one_s__rosidl_typesupport_c.cpython-310-x86_64-linux-gnu.so
[3.050s] -- Set runtime path of "/home/justiny/ros2_course_project_one/install/project_one/local/lib/python3.10/dist-packages/project_one/project_one_s__rosidl_typesupport_c.cpython-310-x86_64-linux-gnu.so" to ""
[3.051s] -- Installing: /home/justiny/ros2_course_project_one/install/project_one/lib/libproject_one__rosidl_generator_py.so
[3.051s] -- Set runtime path of "/home/justiny/ros2_course_project_one/install/project_one/lib/libproject_one__rosidl_generator_py.so" to ""
[3.051s] -- Installing: /home/justiny/ros2_course_project_one/install/project_one/share/project_one/srv/OddEvenCheck.idl
[3.052s] -- Installing: /home/justiny/ros2_course_project_one/install/project_one/share/project_one/srv/OddEvenCheck.srv
[3.052s] -- Installing: /home/justiny/ros2_course_project_one/install/project_one/share/project_one/srv/OddEvenCheck_Request.msg
[3.052s] -- Installing: /home/justiny/ros2_course_project_one/install/project_one/share/project_one/srv/OddEvenCheck_Response.msg
[3.052s] -- Installing: /home/justiny/ros2_course_project_one/install/project_one/lib/project_one/publisher.py
[3.053s] -- Installing: /home/justiny/ros2_course_project_one/install/project_one/lib/project_one/combined.py
[3.053s] -- Installing: /home/justiny/ros2_course_project_one/install/project_one/share/project_one//launch
[3.054s] -- Installing: /home/justiny/ros2_course_project_one/install/project_one/share/project_one//launch/rpm_node.launch.py
[3.054s] -- Installing: /home/justiny/ros2_course_project_one/install/project_one/share/ament_index/resource_index/package_run_dependencies/project_one
[3.055s] -- Installing: /home/justiny/ros2_course_project_one/install/project_one/share/ament_index/resource_index/parent_prefix_path/project_one
[3.055s] -- Installing: /home/justiny/ros2_course_project_one/install/project_one/share/project_one/environment/ament_prefix_path.sh
[3.055s] -- Installing: /home/justiny/ros2_course_project_one/install/project_one/share/project_one/environment/ament_prefix_path.dsv
[3.055s] -- Installing: /home/justiny/ros2_course_project_one/install/project_one/share/project_one/environment/path.sh
[3.055s] -- Installing: /home/justiny/ros2_course_project_one/install/project_one/share/project_one/environment/path.dsv
[3.055s] -- Installing: /home/justiny/ros2_course_project_one/install/project_one/share/project_one/local_setup.bash
[3.056s] -- Installing: /home/justiny/ros2_course_project_one/install/project_one/share/project_one/local_setup.sh
[3.056s] -- Installing: /home/justiny/ros2_course_project_one/install/project_one/share/project_one/local_setup.zsh
[3.056s] -- Installing: /home/justiny/ros2_course_project_one/install/project_one/share/project_one/local_setup.dsv
[3.056s] -- Installing: /home/justiny/ros2_course_project_one/install/project_one/share/project_one/package.dsv
[3.057s] -- Installing: /home/justiny/ros2_course_project_one/install/project_one/share/ament_index/resource_index/packages/project_one
[3.057s] -- Installing: /home/justiny/ros2_course_project_one/install/project_one/share/project_one/cmake/export_project_one__rosidl_generator_cExport.cmake
[3.057s] -- Installing: /home/justiny/ros2_course_project_one/install/project_one/share/project_one/cmake/export_project_one__rosidl_generator_cExport-noconfig.cmake
[3.057s] -- Installing: /home/justiny/ros2_course_project_one/install/project_one/share/project_one/cmake/export_project_one__rosidl_typesupport_fastrtps_cExport.cmake
[3.058s] -- Installing: /home/justiny/ros2_course_project_one/install/project_one/share/project_one/cmake/export_project_one__rosidl_typesupport_fastrtps_cExport-noconfig.cmake
[3.058s] -- Installing: /home/justiny/ros2_course_project_one/install/project_one/share/project_one/cmake/project_one__rosidl_typesupport_introspection_cExport.cmake
[3.058s] -- Installing: /home/justiny/ros2_course_project_one/install/project_one/share/project_one/cmake/project_one__rosidl_typesupport_introspection_cExport-noconfig.cmake
[3.058s] -- Installing: /home/justiny/ros2_course_project_one/install/project_one/share/project_one/cmake/project_one__rosidl_typesupport_cExport.cmake
[3.058s] -- Installing: /home/justiny/ros2_course_project_one/install/project_one/share/project_one/cmake/project_one__rosidl_typesupport_cExport-noconfig.cmake
[3.058s] -- Installing: /home/justiny/ros2_course_project_one/install/project_one/share/project_one/cmake/export_project_one__rosidl_generator_cppExport.cmake
[3.059s] -- Installing: /home/justiny/ros2_course_project_one/install/project_one/share/project_one/cmake/export_project_one__rosidl_typesupport_fastrtps_cppExport.cmake
[3.059s] -- Installing: /home/justiny/ros2_course_project_one/install/project_one/share/project_one/cmake/export_project_one__rosidl_typesupport_fastrtps_cppExport-noconfig.cmake
[3.059s] -- Installing: /home/justiny/ros2_course_project_one/install/project_one/share/project_one/cmake/project_one__rosidl_typesupport_introspection_cppExport.cmake
[3.059s] -- Installing: /home/justiny/ros2_course_project_one/install/project_one/share/project_one/cmake/project_one__rosidl_typesupport_introspection_cppExport-noconfig.cmake
[3.059s] -- Installing: /home/justiny/ros2_course_project_one/install/project_one/share/project_one/cmake/project_one__rosidl_typesupport_cppExport.cmake
[3.060s] -- Installing: /home/justiny/ros2_course_project_one/install/project_one/share/project_one/cmake/project_one__rosidl_typesupport_cppExport-noconfig.cmake
[3.060s] -- Installing: /home/justiny/ros2_course_project_one/install/project_one/share/project_one/cmake/export_project_one__rosidl_generator_pyExport.cmake
[3.060s] -- Installing: /home/justiny/ros2_course_project_one/install/project_one/share/project_one/cmake/export_project_one__rosidl_generator_pyExport-noconfig.cmake
[3.060s] -- Installing: /home/justiny/ros2_course_project_one/install/project_one/share/project_one/cmake/rosidl_cmake-extras.cmake
[3.060s] -- Installing: /home/justiny/ros2_course_project_one/install/project_one/share/project_one/cmake/ament_cmake_export_include_directories-extras.cmake
[3.061s] -- Installing: /home/justiny/ros2_course_project_one/install/project_one/share/project_one/cmake/ament_cmake_export_libraries-extras.cmake
[3.061s] -- Installing: /home/justiny/ros2_course_project_one/install/project_one/share/project_one/cmake/ament_cmake_export_targets-extras.cmake
[3.061s] -- Installing: /home/justiny/ros2_course_project_one/install/project_one/share/project_one/cmake/rosidl_cmake_export_typesupport_targets-extras.cmake
[3.061s] -- Installing: /home/justiny/ros2_course_project_one/install/project_one/share/project_one/cmake/ament_cmake_export_dependencies-extras.cmake
[3.061s] -- Installing: /home/justiny/ros2_course_project_one/install/project_one/share/project_one/cmake/rosidl_cmake_export_typesupport_libraries-extras.cmake
[3.061s] -- Installing: /home/justiny/ros2_course_project_one/install/project_one/share/project_one/cmake/project_oneConfig.cmake
[3.062s] -- Installing: /home/justiny/ros2_course_project_one/install/project_one/share/project_one/cmake/project_oneConfig-version.cmake
[3.062s] -- Installing: /home/justiny/ros2_course_project_one/install/project_one/share/project_one/package.xml
[3.064s] Invoked command in '/home/justiny/ros2_course_project_one/build/project_one' returned '0': CMAKE_PREFIX_PATH=/opt/ros/humble /usr/bin/cmake --install /home/justiny/ros2_course_project_one/build/project_one
