[0.010s] Invoking command in '/home/justiny/ros2_course_project_one/build/project_one': CMAKE_PREFIX_PATH=${CMAKE_PREFIX_PATH}:/opt/ros/humble /usr/bin/cmake /home/justiny/ros2_course_project_one/src/project_one -DCMAKE_INSTALL_PREFIX=/home/justiny/ros2_course_project_one/install/project_one
[0.096s] -- The C compiler identification is GNU 11.4.0
[0.358s] -- The CXX compiler identification is GNU 11.4.0
[0.537s] -- Detecting C compiler ABI info
[0.631s] -- Detecting C compiler ABI info - done
[0.635s] -- Check for working C compiler: /usr/bin/cc - skipped
[0.635s] -- Detecting C compile features
[0.635s] -- Detecting C compile features - done
[0.637s] -- Detecting CXX compiler ABI info
[0.739s] -- Detecting CXX compiler ABI info - done
[0.743s] -- Check for working CXX compiler: /usr/bin/c++ - skipped
[0.743s] -- Detecting CXX compile features
[0.743s] -- Detecting CXX compile features - done
[0.745s] -- Found ament_cmake: 1.3.12 (/opt/ros/humble/share/ament_cmake/cmake)
[0.842s] -- Found Python3: /usr/bin/python3 (found version "3.10.12") found components: Interpreter 
[0.898s] -- Found ament_lint_auto: 0.12.14 (/opt/ros/humble/share/ament_lint_auto/cmake)
[0.945s] -- Added test 'flake8' to check Python code syntax and style conventions
[0.945s] -- Added test 'lint_cmake' to check CMake code style
[0.946s] -- Added test 'pep257' to check Python code against some of the docstring style conventions in PEP 257
[0.947s] -- Added test 'xmllint' to check XML markup files
[0.948s] -- Configuring done
[0.953s] -- Generating done
[0.955s] -- Build files have been written to: /home/justiny/ros2_course_project_one/build/project_one
[0.959s] Invoked command in '/home/justiny/ros2_course_project_one/build/project_one' returned '0': CMAKE_PREFIX_PATH=${CMAKE_PREFIX_PATH}:/opt/ros/humble /usr/bin/cmake /home/justiny/ros2_course_project_one/src/project_one -DCMAKE_INSTALL_PREFIX=/home/justiny/ros2_course_project_one/install/project_one
[0.960s] Invoking command in '/home/justiny/ros2_course_project_one/build/project_one': CMAKE_PREFIX_PATH=${CMAKE_PREFIX_PATH}:/opt/ros/humble /usr/bin/cmake --build /home/justiny/ros2_course_project_one/build/project_one -- -j16 -l16
[0.989s] Invoked command in '/home/justiny/ros2_course_project_one/build/project_one' returned '0': CMAKE_PREFIX_PATH=${CMAKE_PREFIX_PATH}:/opt/ros/humble /usr/bin/cmake --build /home/justiny/ros2_course_project_one/build/project_one -- -j16 -l16
[0.997s] Invoking command in '/home/justiny/ros2_course_project_one/build/project_one': CMAKE_PREFIX_PATH=${CMAKE_PREFIX_PATH}:/opt/ros/humble /usr/bin/cmake --install /home/justiny/ros2_course_project_one/build/project_one
[1.002s] -- Install configuration: ""
[1.003s] -- Installing: /home/justiny/ros2_course_project_one/install/project_one/lib/project_one/publisher.py
[1.004s] -- Installing: /home/justiny/ros2_course_project_one/install/project_one/lib/project_one/combined.py
[1.004s] -- Installing: /home/justiny/ros2_course_project_one/install/project_one/share/project_one//launch
[1.005s] -- Installing: /home/justiny/ros2_course_project_one/install/project_one/share/project_one//launch/rpm_node.launch.py
[1.006s] -- Installing: /home/justiny/ros2_course_project_one/install/project_one/share/ament_index/resource_index/package_run_dependencies/project_one
[1.006s] -- Installing: /home/justiny/ros2_course_project_one/install/project_one/share/ament_index/resource_index/parent_prefix_path/project_one
[1.006s] -- Installing: /home/justiny/ros2_course_project_one/install/project_one/share/project_one/environment/ament_prefix_path.sh
[1.007s] -- Installing: /home/justiny/ros2_course_project_one/install/project_one/share/project_one/environment/ament_prefix_path.dsv
[1.007s] -- Installing: /home/justiny/ros2_course_project_one/install/project_one/share/project_one/environment/path.sh
[1.007s] -- Installing: /home/justiny/ros2_course_project_one/install/project_one/share/project_one/environment/path.dsv
[1.007s] -- Installing: /home/justiny/ros2_course_project_one/install/project_one/share/project_one/local_setup.bash
[1.007s] -- Installing: /home/justiny/ros2_course_project_one/install/project_one/share/project_one/local_setup.sh
[1.007s] -- Installing: /home/justiny/ros2_course_project_one/install/project_one/share/project_one/local_setup.zsh
[1.008s] -- Installing: /home/justiny/ros2_course_project_one/install/project_one/share/project_one/local_setup.dsv
[1.008s] -- Installing: /home/justiny/ros2_course_project_one/install/project_one/share/project_one/package.dsv
[1.008s] -- Installing: /home/justiny/ros2_course_project_one/install/project_one/share/ament_index/resource_index/packages/project_one
[1.009s] -- Installing: /home/justiny/ros2_course_project_one/install/project_one/share/project_one/cmake/project_oneConfig.cmake
[1.009s] -- Installing: /home/justiny/ros2_course_project_one/install/project_one/share/project_one/cmake/project_oneConfig-version.cmake
[1.009s] -- Installing: /home/justiny/ros2_course_project_one/install/project_one/share/project_one/package.xml
[1.011s] Invoked command in '/home/justiny/ros2_course_project_one/build/project_one' returned '0': CMAKE_PREFIX_PATH=${CMAKE_PREFIX_PATH}:/opt/ros/humble /usr/bin/cmake --install /home/justiny/ros2_course_project_one/build/project_one
