[0.011s] Invoking command in '/home/justiny/ros2_course_project_one/build/project_one': CMAKE_PREFIX_PATH=${CMAKE_PREFIX_PATH}:/opt/ros/humble /usr/bin/cmake /home/justiny/ros2_course_project_one/src/project_one -DCMAKE_INSTALL_PREFIX=/home/justiny/ros2_course_project_one/install/project_one
[0.093s] -- The C compiler identification is GNU 11.4.0
[0.349s] -- The CXX compiler identification is GNU 11.4.0
[0.521s] -- Detecting C compiler ABI info
[0.609s] -- Detecting C compiler ABI info - done
[0.613s] -- Check for working C compiler: /usr/bin/cc - skipped
[0.613s] -- Detecting C compile features
[0.613s] -- Detecting C compile features - done
[0.615s] -- Detecting CXX compiler ABI info
[0.714s] -- Detecting CXX compiler ABI info - done
[0.718s] -- Check for working CXX compiler: /usr/bin/c++ - skipped
[0.718s] -- Detecting CXX compile features
[0.719s] -- Detecting CXX compile features - done
[0.720s] -- Found ament_cmake: 1.3.12 (/opt/ros/humble/share/ament_cmake/cmake)
[0.811s] -- Found Python3: /usr/bin/python3 (found version "3.10.12") found components: Interpreter 
[0.866s] -- Found ament_lint_auto: 0.12.14 (/opt/ros/humble/share/ament_lint_auto/cmake)
[0.913s] -- Added test 'flake8' to check Python code syntax and style conventions
[0.913s] -- Added test 'lint_cmake' to check CMake code style
[0.914s] -- Added test 'pep257' to check Python code against some of the docstring style conventions in PEP 257
[0.915s] -- Added test 'xmllint' to check XML markup files
[0.916s] -- Configuring done
[0.921s] -- Generating done
[0.922s] -- Build files have been written to: /home/justiny/ros2_course_project_one/build/project_one
[0.927s] Invoked command in '/home/justiny/ros2_course_project_one/build/project_one' returned '0': CMAKE_PREFIX_PATH=${CMAKE_PREFIX_PATH}:/opt/ros/humble /usr/bin/cmake /home/justiny/ros2_course_project_one/src/project_one -DCMAKE_INSTALL_PREFIX=/home/justiny/ros2_course_project_one/install/project_one
[0.928s] Invoking command in '/home/justiny/ros2_course_project_one/build/project_one': CMAKE_PREFIX_PATH=${CMAKE_PREFIX_PATH}:/opt/ros/humble /usr/bin/cmake --build /home/justiny/ros2_course_project_one/build/project_one -- -j16 -l16
[0.955s] Invoked command in '/home/justiny/ros2_course_project_one/build/project_one' returned '0': CMAKE_PREFIX_PATH=${CMAKE_PREFIX_PATH}:/opt/ros/humble /usr/bin/cmake --build /home/justiny/ros2_course_project_one/build/project_one -- -j16 -l16
[0.963s] Invoking command in '/home/justiny/ros2_course_project_one/build/project_one': CMAKE_PREFIX_PATH=${CMAKE_PREFIX_PATH}:/opt/ros/humble /usr/bin/cmake --install /home/justiny/ros2_course_project_one/build/project_one
[0.967s] -- Install configuration: ""
[0.968s] -- Installing: /home/justiny/ros2_course_project_one/install/project_one/lib/project_one/publisher.py
[0.968s] -- Installing: /home/justiny/ros2_course_project_one/install/project_one/lib/project_one/combined.py
[0.968s] -- Installing: /home/justiny/ros2_course_project_one/install/project_one/share/project_one//launch
[0.969s] -- Installing: /home/justiny/ros2_course_project_one/install/project_one/share/project_one//launch/rpm_node.launch.py
[0.970s] -- Installing: /home/justiny/ros2_course_project_one/install/project_one/share/ament_index/resource_index/package_run_dependencies/project_one
[0.971s] -- Installing: /home/justiny/ros2_course_project_one/install/project_one/share/ament_index/resource_index/parent_prefix_path/project_one
[0.971s] -- Installing: /home/justiny/ros2_course_project_one/install/project_one/share/project_one/environment/ament_prefix_path.sh
[0.971s] -- Installing: /home/justiny/ros2_course_project_one/install/project_one/share/project_one/environment/ament_prefix_path.dsv
[0.972s] -- Installing: /home/justiny/ros2_course_project_one/install/project_one/share/project_one/environment/path.sh
[0.972s] -- Installing: /home/justiny/ros2_course_project_one/install/project_one/share/project_one/environment/path.dsv
[0.972s] -- Installing: /home/justiny/ros2_course_project_one/install/project_one/share/project_one/local_setup.bash
[0.972s] -- Installing: /home/justiny/ros2_course_project_one/install/project_one/share/project_one/local_setup.sh
[0.972s] -- Installing: /home/justiny/ros2_course_project_one/install/project_one/share/project_one/local_setup.zsh
[0.972s] -- Installing: /home/justiny/ros2_course_project_one/install/project_one/share/project_one/local_setup.dsv
[0.972s] -- Installing: /home/justiny/ros2_course_project_one/install/project_one/share/project_one/package.dsv
[0.973s] -- Installing: /home/justiny/ros2_course_project_one/install/project_one/share/ament_index/resource_index/packages/project_one
[0.973s] -- Installing: /home/justiny/ros2_course_project_one/install/project_one/share/project_one/cmake/project_oneConfig.cmake
[0.974s] -- Installing: /home/justiny/ros2_course_project_one/install/project_one/share/project_one/cmake/project_oneConfig-version.cmake
[0.974s] -- Installing: /home/justiny/ros2_course_project_one/install/project_one/share/project_one/package.xml
[0.976s] Invoked command in '/home/justiny/ros2_course_project_one/build/project_one' returned '0': CMAKE_PREFIX_PATH=${CMAKE_PREFIX_PATH}:/opt/ros/humble /usr/bin/cmake --install /home/justiny/ros2_course_project_one/build/project_one
