[0.012s] Invoking command in '/home/justiny/ros2_course_project_one/build/project_one': CMAKE_PREFIX_PATH=${CMAKE_PREFIX_PATH}:/opt/ros/humble /usr/bin/cmake /home/justiny/ros2_course_project_one/src/project_one -DCMAKE_INSTALL_PREFIX=/home/justiny/ros2_course_project_one/install/project_one
[0.191s] -- The C compiler identification is GNU 11.4.0
[0.498s] -- The CXX compiler identification is GNU 11.4.0
[0.677s] -- Detecting C compiler ABI info
[0.781s] -- Detecting C compiler ABI info - done
[0.785s] -- Check for working C compiler: /usr/bin/cc - skipped
[0.785s] -- Detecting C compile features
[0.786s] -- Detecting C compile features - done
[0.788s] -- Detecting CXX compiler ABI info
[0.891s] -- Detecting CXX compiler ABI info - done
[0.894s] -- Check for working CXX compiler: /usr/bin/c++ - skipped
[0.895s] -- Detecting CXX compile features
[0.895s] -- Detecting CXX compile features - done
[0.905s] -- Found ament_cmake: 1.3.12 (/opt/ros/humble/share/ament_cmake/cmake)
[1.002s] -- Found Python3: /usr/bin/python3 (found version "3.10.12") found components: Interpreter 
[1.073s] -- Found ament_lint_auto: 0.12.14 (/opt/ros/humble/share/ament_lint_auto/cmake)
[1.128s] -- Added test 'flake8' to check Python code syntax and style conventions
[1.129s] -- Added test 'lint_cmake' to check CMake code style
[1.130s] -- Added test 'pep257' to check Python code against some of the docstring style conventions in PEP 257
[1.131s] -- Added test 'xmllint' to check XML markup files
[1.133s] -- Configuring done
[1.138s] -- Generating done
[1.139s] -- Build files have been written to: /home/justiny/ros2_course_project_one/build/project_one
[1.143s] Invoked command in '/home/justiny/ros2_course_project_one/build/project_one' returned '0': CMAKE_PREFIX_PATH=${CMAKE_PREFIX_PATH}:/opt/ros/humble /usr/bin/cmake /home/justiny/ros2_course_project_one/src/project_one -DCMAKE_INSTALL_PREFIX=/home/justiny/ros2_course_project_one/install/project_one
[1.145s] Invoking command in '/home/justiny/ros2_course_project_one/build/project_one': CMAKE_PREFIX_PATH=${CMAKE_PREFIX_PATH}:/opt/ros/humble /usr/bin/cmake --build /home/justiny/ros2_course_project_one/build/project_one -- -j16 -l16
[1.173s] Invoked command in '/home/justiny/ros2_course_project_one/build/project_one' returned '0': CMAKE_PREFIX_PATH=${CMAKE_PREFIX_PATH}:/opt/ros/humble /usr/bin/cmake --build /home/justiny/ros2_course_project_one/build/project_one -- -j16 -l16
[1.181s] Invoking command in '/home/justiny/ros2_course_project_one/build/project_one': CMAKE_PREFIX_PATH=${CMAKE_PREFIX_PATH}:/opt/ros/humble /usr/bin/cmake --install /home/justiny/ros2_course_project_one/build/project_one
[1.186s] -- Install configuration: ""
[1.187s] -- Installing: /home/justiny/ros2_course_project_one/install/project_one/lib/project_one/publisher.py
[1.187s] -- Installing: /home/justiny/ros2_course_project_one/install/project_one/lib/project_one/combined.py
[1.188s] -- Installing: /home/justiny/ros2_course_project_one/install/project_one/share/project_one//launch
[1.188s] -- Installing: /home/justiny/ros2_course_project_one/install/project_one/share/project_one//launch/rpm_node.launch.py
[1.189s] -- Installing: /home/justiny/ros2_course_project_one/install/project_one/share/ament_index/resource_index/package_run_dependencies/project_one
[1.190s] -- Installing: /home/justiny/ros2_course_project_one/install/project_one/share/ament_index/resource_index/parent_prefix_path/project_one
[1.190s] -- Installing: /home/justiny/ros2_course_project_one/install/project_one/share/project_one/environment/ament_prefix_path.sh
[1.190s] -- Installing: /home/justiny/ros2_course_project_one/install/project_one/share/project_one/environment/ament_prefix_path.dsv
[1.190s] -- Installing: /home/justiny/ros2_course_project_one/install/project_one/share/project_one/environment/path.sh
[1.191s] -- Installing: /home/justiny/ros2_course_project_one/install/project_one/share/project_one/environment/path.dsv
[1.191s] -- Installing: /home/justiny/ros2_course_project_one/install/project_one/share/project_one/local_setup.bash
[1.191s] -- Installing: /home/justiny/ros2_course_project_one/install/project_one/share/project_one/local_setup.sh
[1.191s] -- Installing: /home/justiny/ros2_course_project_one/install/project_one/share/project_one/local_setup.zsh
[1.191s] -- Installing: /home/justiny/ros2_course_project_one/install/project_one/share/project_one/local_setup.dsv
[1.191s] -- Installing: /home/justiny/ros2_course_project_one/install/project_one/share/project_one/package.dsv
[1.192s] -- Installing: /home/justiny/ros2_course_project_one/install/project_one/share/ament_index/resource_index/packages/project_one
[1.192s] -- Installing: /home/justiny/ros2_course_project_one/install/project_one/share/project_one/cmake/project_oneConfig.cmake
[1.192s] -- Installing: /home/justiny/ros2_course_project_one/install/project_one/share/project_one/cmake/project_oneConfig-version.cmake
[1.193s] -- Installing: /home/justiny/ros2_course_project_one/install/project_one/share/project_one/package.xml
[1.194s] Invoked command in '/home/justiny/ros2_course_project_one/build/project_one' returned '0': CMAKE_PREFIX_PATH=${CMAKE_PREFIX_PATH}:/opt/ros/humble /usr/bin/cmake --install /home/justiny/ros2_course_project_one/build/project_one
